Using pre-set license
Built from '2021.3/staging' branch; Version is '2021.3.22f1 (b6c551784ba3) revision 11978065'; Using compiler version '192829333'; Build Type 'Release'
OS: 'Windows 11  (10.0.22621) 64bit Professional' Language: 'en' Physical Memory: 16217 MB
BatchMode: 1, IsHumanControllingUs: 0, StartBugReporterOnCrash: 0, Is64bit: 1, IsPro: 1

COMMAND LINE ARGUMENTS:
C:\Program Files\Unity\Hub\Editor\2021.3.22f1\Editor\Unity.exe
-adb2
-batchMode
-noUpm
-name
AssetImportWorker3
-projectPath
F:/Personal activity/CSTHackathon/Before the Storm - A Tale of Jerusalem
-logFile
Logs/AssetImportWorker3.log
-srvPort
50975
Successfully changed project path to: F:/Personal activity/CSTHackathon/Before the Storm - A Tale of Jerusalem
F:/Personal activity/CSTHackathon/Before the Storm - A Tale of Jerusalem
[UnityMemory] Configuration Parameters - Can be set up in boot.config
    "memorysetup-bucket-allocator-granularity=16"
    "memorysetup-bucket-allocator-bucket-count=8"
    "memorysetup-bucket-allocator-block-size=33554432"
    "memorysetup-bucket-allocator-block-count=8"
    "memorysetup-main-allocator-block-size=16777216"
    "memorysetup-thread-allocator-block-size=16777216"
    "memorysetup-gfx-main-allocator-block-size=16777216"
    "memorysetup-gfx-thread-allocator-block-size=16777216"
    "memorysetup-cache-allocator-block-size=4194304"
    "memorysetup-typetree-allocator-block-size=2097152"
    "memorysetup-profiler-bucket-allocator-granularity=16"
    "memorysetup-profiler-bucket-allocator-bucket-count=8"
    "memorysetup-profiler-bucket-allocator-block-size=33554432"
    "memorysetup-profiler-bucket-allocator-block-count=8"
    "memorysetup-profiler-allocator-block-size=16777216"
    "memorysetup-profiler-editor-allocator-block-size=1048576"
    "memorysetup-temp-allocator-size-main=16777216"
    "memorysetup-job-temp-allocator-block-size=2097152"
    "memorysetup-job-temp-allocator-block-size-background=1048576"
    "memorysetup-job-temp-allocator-reduction-small-platforms=262144"
    "memorysetup-temp-allocator-size-background-worker=32768"
    "memorysetup-temp-allocator-size-job-worker=262144"
    "memorysetup-temp-allocator-size-preload-manager=33554432"
    "memorysetup-temp-allocator-size-nav-mesh-worker=65536"
    "memorysetup-temp-allocator-size-audio-worker=65536"
    "memorysetup-temp-allocator-size-cloud-worker=32768"
    "memorysetup-temp-allocator-size-gi-baking-worker=262144"
    "memorysetup-temp-allocator-size-gfx=262144"
Player connection [32764] Host "[IP] 169.254.213.19 [Port] 0 [Flags] 2 [Guid] 1797244129 [EditorId] 1797244129 [Version] 1048832 [Id] WindowsEditor(7,DESKTOP-Q7L95VN) [Debug] 1 [PackageName] WindowsEditor [ProjectName] Editor" joined multi-casting on [225.0.0.222:54997]...

Player connection [32764] Host "[IP] 169.254.213.19 [Port] 0 [Flags] 2 [Guid] 1797244129 [EditorId] 1797244129 [Version] 1048832 [Id] WindowsEditor(7,DESKTOP-Q7L95VN) [Debug] 1 [PackageName] WindowsEditor [ProjectName] Editor" joined alternative multi-casting on [225.0.0.222:34997]...

Refreshing native plugins compatible for Editor in 121.60 ms, found 3 plugins.
Preloading 0 native plugins for Editor in 0.00 ms.
Initialize engine version: 2021.3.22f1 (b6c551784ba3)
[Subsystems] Discovering subsystems at path C:/Program Files/Unity/Hub/Editor/2021.3.22f1/Editor/Data/Resources/UnitySubsystems
[Subsystems] Discovering subsystems at path F:/Personal activity/CSTHackathon/Before the Storm - A Tale of Jerusalem/Assets
GfxDevice: creating device client; threaded=0; jobified=0
Direct3D:
    Version:  Direct3D 11.0 [level 11.1]
    Renderer: NVIDIA GeForce GTX 1660 Ti (ID=0x2191)
    Vendor:   NVIDIA
    VRAM:     5979 MB
    Driver:   31.0.15.3141
Initialize mono
Mono path[0] = 'C:/Program Files/Unity/Hub/Editor/2021.3.22f1/Editor/Data/Managed'
Mono path[1] = 'C:/Program Files/Unity/Hub/Editor/2021.3.22f1/Editor/Data/MonoBleedingEdge/lib/mono/unityjit-win32'
Mono config path = 'C:/Program Files/Unity/Hub/Editor/2021.3.22f1/Editor/Data/MonoBleedingEdge/etc'
Using monoOptions --debugger-agent=transport=dt_socket,embedding=1,server=y,suspend=n,address=127.0.0.1:56208
Begin MonoManager ReloadAssembly
Registering precompiled unity dll's ...
Register platform support module: C:/Program Files/Unity/Hub/Editor/2021.3.22f1/Editor/Data/PlaybackEngines/WindowsStandaloneSupport/UnityEditor.WindowsStandalone.Extensions.dll
Register platform support module: C:/Program Files/Unity/Hub/Editor/2021.3.22f1/Editor/Data/PlaybackEngines/MetroSupport/UnityEditor.UWP.Extensions.dll
Registered in 0.012912 seconds.
Native extension for UWP target not found
Native extension for WindowsStandalone target not found
Refreshing native plugins compatible for Editor in 92.22 ms, found 3 plugins.
Preloading 0 native plugins for Editor in 0.00 ms.
Mono: successfully reloaded assembly
- Completed reload, in  0.756 seconds
Domain Reload Profiling:
	ReloadAssembly (756ms)
		BeginReloadAssembly (121ms)
			ExecutionOrderSort (0ms)
			DisableScriptedObjects (0ms)
			BackupInstance (0ms)
			ReleaseScriptingObjects (0ms)
			CreateAndSetChildDomain (1ms)
		EndReloadAssembly (526ms)
			LoadAssemblies (119ms)
			RebuildTransferFunctionScriptingTraits (0ms)
			SetupTypeCache (119ms)
			ReleaseScriptCaches (0ms)
			RebuildScriptCaches (32ms)
			SetupLoadedEditorAssemblies (305ms)
				LogAssemblyErrors (0ms)
				InitializePlatformSupportModulesInManaged (10ms)
				SetLoadedEditorAssemblies (0ms)
				RefreshPlugins (92ms)
				BeforeProcessingInitializeOnLoad (1ms)
				ProcessInitializeOnLoadAttributes (151ms)
				ProcessInitializeOnLoadMethodAttributes (50ms)
				AfterProcessingInitializeOnLoad (0ms)
				EditorAssembliesLoaded (0ms)
			ExecutionOrderSort2 (0ms)
			AwakeInstancesAfterBackupRestoration (0ms)
Platform modules already initialized, skipping
Registering precompiled user dll's ...
Registered in 0.021723 seconds.
Begin MonoManager ReloadAssembly
Symbol file LoadedFromMemory doesn't match image F:\Personal activity\CSTHackathon\Before the Storm - A Tale of Jerusalem\Library\PackageCache\com.unity.visualscripting@1.8.0\Editor\VisualScripting.Core\Dependencies\YamlDotNet\Unity.VisualScripting.YamlDotNet.dll
Symbol file LoadedFromMemory doesn't match image F:\Personal activity\CSTHackathon\Before the Storm - A Tale of Jerusalem\Library\PackageCache\com.unity.visualscripting@1.8.0\Editor\VisualScripting.Core\Dependencies\DotNetZip\Unity.VisualScripting.IonicZip.dll
Native extension for UWP target not found
Native extension for WindowsStandalone target not found
Refreshing native plugins compatible for Editor in 0.51 ms, found 3 plugins.
Preloading 0 native plugins for Editor in 0.00 ms.
Mono: successfully reloaded assembly
- Completed reload, in  1.060 seconds
Domain Reload Profiling:
	ReloadAssembly (1060ms)
		BeginReloadAssembly (130ms)
			ExecutionOrderSort (0ms)
			DisableScriptedObjects (7ms)
			BackupInstance (0ms)
			ReleaseScriptingObjects (0ms)
			CreateAndSetChildDomain (20ms)
		EndReloadAssembly (821ms)
			LoadAssemblies (117ms)
			RebuildTransferFunctionScriptingTraits (0ms)
			SetupTypeCache (283ms)
			ReleaseScriptCaches (1ms)
			RebuildScriptCaches (57ms)
			SetupLoadedEditorAssemblies (343ms)
				LogAssemblyErrors (0ms)
				InitializePlatformSupportModulesInManaged (7ms)
				SetLoadedEditorAssemblies (0ms)
				RefreshPlugins (1ms)
				BeforeProcessingInitializeOnLoad (83ms)
				ProcessInitializeOnLoadAttributes (224ms)
				ProcessInitializeOnLoadMethodAttributes (18ms)
				AfterProcessingInitializeOnLoad (10ms)
				EditorAssembliesLoaded (0ms)
			ExecutionOrderSort2 (0ms)
			AwakeInstancesAfterBackupRestoration (7ms)
Platform modules already initialized, skipping
========================================================================
Worker process is ready to serve import requests
Launched and connected shader compiler UnityShaderCompiler.exe after 0.09 seconds
Refreshing native plugins compatible for Editor in 1.15 ms, found 3 plugins.
Preloading 0 native plugins for Editor in 0.00 ms.
Unloading 3234 Unused Serialized files (Serialized files now loaded: 0)
Unloading 34 unused Assets / (1.3 MB). Loaded Objects now: 3701.
Memory consumption went from 135.4 MB to 134.1 MB.
Total: 6.059600 ms (FindLiveObjects: 0.460800 ms CreateObjectMapping: 0.490500 ms MarkObjects: 4.659100 ms  DeleteObjects: 0.447300 ms)

AssetImportParameters requested are different than current active one (requested -> active):
  custom:video-decoder-ogg-theora: a1e56fd34408186e4bbccfd4996cb3dc -> 
  custom:container-muxer-webm: aa71ff27fc2769a1b78a27578f13a17b -> 
  custom:container-demuxer-webm: 4f35f7cbe854078d1ac9338744f61a02 -> 
  custom:video-encoder-webm-vp8: eb34c28f22e8b96e1ab97ce403110664 -> 
  custom:audio-encoder-webm-vorbis: bf7c407c2cedff20999df2af8eb42d56 -> 
  custom:framework-win-MediaFoundation: 216162199b28c13a410421893ffa2e32 -> 
  custom:container-demuxer-ogg: 62fdf1f143b41e24485cea50d1cbac27 -> 
  custom:video-decoder-webm-vp8: 9c59270c3fd7afecdb556c50c9e8de78 -> 
  custom:audio-decoder-ogg-vorbis: bf7c407c2cedff20999df2af8eb42d56 -> 
========================================================================
Received Import Request.
  Time since last request: 27223.468553 seconds.
  path: Assets/Prefabs/ButcherShop.prefab
  artifactKey: Guid(aa810cc60649d114ba9a93433ad4ee81) Importer(815301076,1909f56bfc062723c751e8b465ee728b)
Start importing Assets/Prefabs/ButcherShop.prefab using Guid(aa810cc60649d114ba9a93433ad4ee81) Importer(815301076,1909f56bfc062723c751e8b465ee728b)  -> (artifact id: 'a2e97629d3ea47397125492c2b7f32b8') in 0.213775 seconds 
========================================================================
Received Import Request.
  Time since last request: 0.000028 seconds.
  path: Assets/Prefabs/Walking With Shopping Bag (3).prefab
  artifactKey: Guid(2b9b3ac29fffaa14ebc0cb97082c98c9) Importer(815301076,1909f56bfc062723c751e8b465ee728b)
Start importing Assets/Prefabs/Walking With Shopping Bag (3).prefab using Guid(2b9b3ac29fffaa14ebc0cb97082c98c9) Importer(815301076,1909f56bfc062723c751e8b465ee728b)  -> (artifact id: 'c9b6c9e171bc602cdf3d65145c32ed51') in 0.054353 seconds 
========================================================================
Received Import Request.
  Time since last request: 0.000034 seconds.
  path: Assets/Prefabs/SM_tree_fantasy_05 (31).prefab
  artifactKey: Guid(f5fd45f39b5718b4bb94593cc3808f6a) Importer(815301076,1909f56bfc062723c751e8b465ee728b)
Start importing Assets/Prefabs/SM_tree_fantasy_05 (31).prefab using Guid(f5fd45f39b5718b4bb94593cc3808f6a) Importer(815301076,1909f56bfc062723c751e8b465ee728b)  -> (artifact id: 'd54eb424b1f5bbc9a2ea18bd06f8c4cb') in 0.014369 seconds 
========================================================================
Received Import Request.
  Time since last request: 0.000017 seconds.
  path: Assets/Prefabs/Idle (23).prefab
  artifactKey: Guid(5eb423b2f4bdc5c4f9eafe600b28fb67) Importer(815301076,1909f56bfc062723c751e8b465ee728b)
Start importing Assets/Prefabs/Idle (23).prefab using Guid(5eb423b2f4bdc5c4f9eafe600b28fb67) Importer(815301076,1909f56bfc062723c751e8b465ee728b)  -> (artifact id: '53950f2a6da4c40f7025ad7b9370ab0b') in 0.037742 seconds 
========================================================================
Received Import Request.
  Time since last request: 0.000020 seconds.
  path: Assets/Prefabs/SM_tree_fantasy_05 (30).prefab
  artifactKey: Guid(e69a755798a364545b4425bef8d9c471) Importer(815301076,1909f56bfc062723c751e8b465ee728b)
Start importing Assets/Prefabs/SM_tree_fantasy_05 (30).prefab using Guid(e69a755798a364545b4425bef8d9c471) Importer(815301076,1909f56bfc062723c751e8b465ee728b)  -> (artifact id: '7cbe4eab1e6f1bb2837ad89da9cec279') in 0.012934 seconds 
========================================================================
Received Import Request.
  Time since last request: 0.000018 seconds.
  path: Assets/Prefabs/MedievalBox4.prefab
  artifactKey: Guid(d7c1625788badbc47a00347e89104b8d) Importer(815301076,1909f56bfc062723c751e8b465ee728b)
Start importing Assets/Prefabs/MedievalBox4.prefab using Guid(d7c1625788badbc47a00347e89104b8d) Importer(815301076,1909f56bfc062723c751e8b465ee728b)  -> (artifact id: '7e9a4c4e7fdbcb29feec64420f8d2ced') in 0.084318 seconds 
========================================================================
Received Import Request.
  Time since last request: 0.000022 seconds.
  path: Assets/Prefabs/Player.prefab
  artifactKey: Guid(55885125d3915e74da9c7d87a4c2855e) Importer(815301076,1909f56bfc062723c751e8b465ee728b)
Start importing Assets/Prefabs/Player.prefab using Guid(55885125d3915e74da9c7d87a4c2855e) Importer(815301076,1909f56bfc062723c751e8b465ee728b)  -> (artifact id: '24b20caa478d4764fa6dff2cc38c14a7') in 0.034719 seconds 
========================================================================
Received Import Request.
  Time since last request: 0.000017 seconds.
  path: Assets/Prefabs/Idle (18).prefab
  artifactKey: Guid(9986675588627d54b90720696769efee) Importer(815301076,1909f56bfc062723c751e8b465ee728b)
Start importing Assets/Prefabs/Idle (18).prefab using Guid(9986675588627d54b90720696769efee) Importer(815301076,1909f56bfc062723c751e8b465ee728b)  -> (artifact id: '52c11054dc0d6bd0d6c1c9c065bfe561') in 0.017667 seconds 
========================================================================
Received Import Request.
  Time since last request: 0.000031 seconds.
  path: Assets/Prefabs/Idle (28).prefab
  artifactKey: Guid(7ed52d0ac18504f44b074a13da761b7c) Importer(815301076,1909f56bfc062723c751e8b465ee728b)
Start importing Assets/Prefabs/Idle (28).prefab using Guid(7ed52d0ac18504f44b074a13da761b7c) Importer(815301076,1909f56bfc062723c751e8b465ee728b)  -> (artifact id: '9611f23d82822321108aa03decd816ef') in 0.018165 seconds 
========================================================================
Received Import Request.
  Time since last request: 0.000026 seconds.
  path: Assets/Prefabs/SM_tree_fantasy_05 (12).prefab
  artifactKey: Guid(a4f8f5ffb1bca6144937865750708fe6) Importer(815301076,1909f56bfc062723c751e8b465ee728b)
Start importing Assets/Prefabs/SM_tree_fantasy_05 (12).prefab using Guid(a4f8f5ffb1bca6144937865750708fe6) Importer(815301076,1909f56bfc062723c751e8b465ee728b)  -> (artifact id: 'e51ea2022edcc2fa5b4dbbd9271308ca') in 0.011904 seconds 
========================================================================
Received Import Request.
  Time since last request: 0.000022 seconds.
  path: Assets/Prefabs/MedievalBox5.prefab
  artifactKey: Guid(0a4b3e470edcf394f86e86cd6a2576a5) Importer(815301076,1909f56bfc062723c751e8b465ee728b)
Start importing Assets/Prefabs/MedievalBox5.prefab using Guid(0a4b3e470edcf394f86e86cd6a2576a5) Importer(815301076,1909f56bfc062723c751e8b465ee728b)  -> (artifact id: '3fcb506d3587d1bf3ccc8dce54349de0') in 0.029047 seconds 
========================================================================
Received Import Request.
  Time since last request: 0.000016 seconds.
  path: Assets/Prefabs/Idle (15).prefab
  artifactKey: Guid(64e23effa5875954eb902cca4bbde724) Importer(815301076,1909f56bfc062723c751e8b465ee728b)
Start importing Assets/Prefabs/Idle (15).prefab using Guid(64e23effa5875954eb902cca4bbde724) Importer(815301076,1909f56bfc062723c751e8b465ee728b)  -> (artifact id: '785b181c8a20d28dcd3412208737654a') in 0.015652 seconds 
========================================================================
Received Import Request.
  Time since last request: 0.000015 seconds.
  path: Assets/Prefabs/Walking With Shopping Bag (5).prefab
  artifactKey: Guid(dcc5b1340751e6f47aefe2d8777f3cc7) Importer(815301076,1909f56bfc062723c751e8b465ee728b)
Start importing Assets/Prefabs/Walking With Shopping Bag (5).prefab using Guid(dcc5b1340751e6f47aefe2d8777f3cc7) Importer(815301076,1909f56bfc062723c751e8b465ee728b)  -> (artifact id: 'fa652c0e1a37cd862f1bfc1344d92873') in 0.015528 seconds 
========================================================================
Received Import Request.
  Time since last request: 0.000027 seconds.
  path: Assets/Prefabs/MarketStall.prefab
  artifactKey: Guid(36d345c362a067440afda3b391514ab6) Importer(815301076,1909f56bfc062723c751e8b465ee728b)
Start importing Assets/Prefabs/MarketStall.prefab using Guid(36d345c362a067440afda3b391514ab6) Importer(815301076,1909f56bfc062723c751e8b465ee728b)  -> (artifact id: '4860b69262c87983c185fd4fa81c11ec') in 0.125049 seconds 
========================================================================
Received Import Request.
  Time since last request: 0.000023 seconds.
  path: Assets/Prefabs/Idle (21).prefab
  artifactKey: Guid(0d5e2615086012341a27d0558821df16) Importer(815301076,1909f56bfc062723c751e8b465ee728b)
Start importing Assets/Prefabs/Idle (21).prefab using Guid(0d5e2615086012341a27d0558821df16) Importer(815301076,1909f56bfc062723c751e8b465ee728b)  -> (artifact id: '1e9d58e0b58dd4755dc7e852fb4dd2a8') in 0.015827 seconds 
========================================================================
Received Import Request.
  Time since last request: 0.000032 seconds.
  path: Assets/Prefabs/Working On Device (5) 1.prefab
  artifactKey: Guid(8398239f2affa2c439ea404c9b019658) Importer(815301076,1909f56bfc062723c751e8b465ee728b)
Start importing Assets/Prefabs/Working On Device (5) 1.prefab using Guid(8398239f2affa2c439ea404c9b019658) Importer(815301076,1909f56bfc062723c751e8b465ee728b)  -> (artifact id: '4ae59baba2cd5b1083e825864631bb10') in 0.019436 seconds 
========================================================================
Received Import Request.
  Time since last request: 0.000022 seconds.
  path: Assets/Prefabs/SM_tree_fantasy_04 (31).prefab
  artifactKey: Guid(96edef60c3f316447b488101e35d08aa) Importer(815301076,1909f56bfc062723c751e8b465ee728b)
Start importing Assets/Prefabs/SM_tree_fantasy_04 (31).prefab using Guid(96edef60c3f316447b488101e35d08aa) Importer(815301076,1909f56bfc062723c751e8b465ee728b)  -> (artifact id: 'f17f41da0abf3edefc6bfb227abda201') in 0.015503 seconds 
========================================================================
Received Import Request.
  Time since last request: 0.000041 seconds.
  path: Assets/Prefabs/Idle (31).prefab
  artifactKey: Guid(e5e60d202b686cd4481801e2dc2f0df7) Importer(815301076,1909f56bfc062723c751e8b465ee728b)
Start importing Assets/Prefabs/Idle (31).prefab using Guid(e5e60d202b686cd4481801e2dc2f0df7) Importer(815301076,1909f56bfc062723c751e8b465ee728b)  -> (artifact id: '703d37b8434184a7368d20fc330a5890') in 0.016503 seconds 
========================================================================
Received Import Request.
  Time since last request: 0.000017 seconds.
  path: Assets/Prefabs/SM_tree_fantasy_07 (33).prefab
  artifactKey: Guid(d8e23533ef3e69742a5052789e15807d) Importer(815301076,1909f56bfc062723c751e8b465ee728b)
Start importing Assets/Prefabs/SM_tree_fantasy_07 (33).prefab using Guid(d8e23533ef3e69742a5052789e15807d) Importer(815301076,1909f56bfc062723c751e8b465ee728b)  -> (artifact id: '548089a554b9b49bf35ac7dd4096451d') in 0.012319 seconds 
========================================================================
Received Import Request.
  Time since last request: 0.000019 seconds.
  path: Assets/Prefabs/Idle (19).prefab
  artifactKey: Guid(69968c7ce7101cb4280e7206d42b443c) Importer(815301076,1909f56bfc062723c751e8b465ee728b)
Start importing Assets/Prefabs/Idle (19).prefab using Guid(69968c7ce7101cb4280e7206d42b443c) Importer(815301076,1909f56bfc062723c751e8b465ee728b)  -> (artifact id: 'c314578e2ede09f057deee47395988a3') in 0.016365 seconds 
========================================================================
Received Import Request.
  Time since last request: 0.000018 seconds.
  path: Assets/Prefabs/SM_tree_fantasy_06 (15).prefab
  artifactKey: Guid(28099911e3e98534284335c9cf34d46c) Importer(815301076,1909f56bfc062723c751e8b465ee728b)
Start importing Assets/Prefabs/SM_tree_fantasy_06 (15).prefab using Guid(28099911e3e98534284335c9cf34d46c) Importer(815301076,1909f56bfc062723c751e8b465ee728b)  -> (artifact id: '21a32345f0610373d7505f60b6115b3e') in 0.012842 seconds 
========================================================================
Received Import Request.
  Time since last request: 0.000023 seconds.
  path: Assets/Prefabs/Walking (16).prefab
  artifactKey: Guid(d7dadd031eb974f4fba1986eb06db627) Importer(815301076,1909f56bfc062723c751e8b465ee728b)
Start importing Assets/Prefabs/Walking (16).prefab using Guid(d7dadd031eb974f4fba1986eb06db627) Importer(815301076,1909f56bfc062723c751e8b465ee728b)  -> (artifact id: 'e34506a4aeb2e8374c5b493d6fcc2692') in 0.016939 seconds 
========================================================================
Received Import Request.
  Time since last request: 0.000051 seconds.
  path: Assets/Prefabs/Walking (15).prefab
  artifactKey: Guid(c9e9ce15f7db7c0498060b69ab9b7e31) Importer(815301076,1909f56bfc062723c751e8b465ee728b)
Start importing Assets/Prefabs/Walking (15).prefab using Guid(c9e9ce15f7db7c0498060b69ab9b7e31) Importer(815301076,1909f56bfc062723c751e8b465ee728b)  -> (artifact id: '5b6a138482a605f8d26de6a8a025ecb7') in 0.017275 seconds 
========================================================================
Received Import Request.
  Time since last request: 0.000025 seconds.
  path: Assets/Prefabs/Walking With Shopping Bag (7).prefab
  artifactKey: Guid(bbe636124d51a66499e2dc22a8835b3d) Importer(815301076,1909f56bfc062723c751e8b465ee728b)
Start importing Assets/Prefabs/Walking With Shopping Bag (7).prefab using Guid(bbe636124d51a66499e2dc22a8835b3d) Importer(815301076,1909f56bfc062723c751e8b465ee728b)  -> (artifact id: '0596dc82ff57f5279dc4fa418027c4a4') in 0.015608 seconds 
========================================================================
Received Import Request.
  Time since last request: 0.000025 seconds.
  path: Assets/Prefabs/Idle (29).prefab
  artifactKey: Guid(f44f86b5814cecc4480563e6f87c17c7) Importer(815301076,1909f56bfc062723c751e8b465ee728b)
Start importing Assets/Prefabs/Idle (29).prefab using Guid(f44f86b5814cecc4480563e6f87c17c7) Importer(815301076,1909f56bfc062723c751e8b465ee728b)  -> (artifact id: '4dc4af9bd18c515d44dbd771050d1144') in 0.017173 seconds 
========================================================================
Received Import Request.
  Time since last request: 0.000025 seconds.
  path: Assets/Prefabs/Idle (17).prefab
  artifactKey: Guid(f1daebecbaa8fc24ca96f4b45c9da249) Importer(815301076,1909f56bfc062723c751e8b465ee728b)
Start importing Assets/Prefabs/Idle (17).prefab using Guid(f1daebecbaa8fc24ca96f4b45c9da249) Importer(815301076,1909f56bfc062723c751e8b465ee728b)  -> (artifact id: 'e75a852a47e39ee5e789c4a5e586862d') in 0.017391 seconds 
========================================================================
Received Import Request.
  Time since last request: 0.000030 seconds.
  path: Assets/Prefabs/Idle (30).prefab
  artifactKey: Guid(1935b5c5cf8c14d4988cf94871b30b0e) Importer(815301076,1909f56bfc062723c751e8b465ee728b)
Start importing Assets/Prefabs/Idle (30).prefab using Guid(1935b5c5cf8c14d4988cf94871b30b0e) Importer(815301076,1909f56bfc062723c751e8b465ee728b)  -> (artifact id: '0aa8826c86121cc6225f4eb87df39764') in 0.017532 seconds 
========================================================================
Received Import Request.
  Time since last request: 0.000017 seconds.
  path: Assets/Prefabs/SM_tree_fantasy_07 (32).prefab
  artifactKey: Guid(3fd8ee59f51a1634187cec9679f923ff) Importer(815301076,1909f56bfc062723c751e8b465ee728b)
Start importing Assets/Prefabs/SM_tree_fantasy_07 (32).prefab using Guid(3fd8ee59f51a1634187cec9679f923ff) Importer(815301076,1909f56bfc062723c751e8b465ee728b)  -> (artifact id: 'd76e3c8a5c3d32fc33931fac66013be6') in 0.013992 seconds 
Editor requested this worker to shutdown with reason: Scaling down because of idle timeout
AssetImportWorker is now disconnected from the server
Process exiting
Exiting without the bug reporter. Application will terminate with return code 0