Using pre-set license
Built from '2021.3/staging' branch; Version is '2021.3.22f1 (b6c551784ba3) revision 11978065'; Using compiler version '192829333'; Build Type 'Release'
OS: 'Windows 11  (10.0.22621) 64bit Professional' Language: 'en' Physical Memory: 16217 MB
BatchMode: 1, IsHumanControllingUs: 0, StartBugReporterOnCrash: 0, Is64bit: 1, IsPro: 1

COMMAND LINE ARGUMENTS:
C:\Program Files\Unity\Hub\Editor\2021.3.22f1\Editor\Unity.exe
-adb2
-batchMode
-noUpm
-name
AssetImportWorker11
-projectPath
F:/Personal activity/CSTHackathon/Before the Storm - A Tale of Jerusalem
-logFile
Logs/AssetImportWorker11.log
-srvPort
50975
Successfully changed project path to: F:/Personal activity/CSTHackathon/Before the Storm - A Tale of Jerusalem
F:/Personal activity/CSTHackathon/Before the Storm - A Tale of Jerusalem
[UnityMemory] Configuration Parameters - Can be set up in boot.config
    "memorysetup-bucket-allocator-granularity=16"
    "memorysetup-bucket-allocator-bucket-count=8"
    "memorysetup-bucket-allocator-block-size=33554432"
    "memorysetup-bucket-allocator-block-count=8"
    "memorysetup-main-allocator-block-size=16777216"
    "memorysetup-thread-allocator-block-size=16777216"
    "memorysetup-gfx-main-allocator-block-size=16777216"
    "memorysetup-gfx-thread-allocator-block-size=16777216"
    "memorysetup-cache-allocator-block-size=4194304"
    "memorysetup-typetree-allocator-block-size=2097152"
    "memorysetup-profiler-bucket-allocator-granularity=16"
    "memorysetup-profiler-bucket-allocator-bucket-count=8"
    "memorysetup-profiler-bucket-allocator-block-size=33554432"
    "memorysetup-profiler-bucket-allocator-block-count=8"
    "memorysetup-profiler-allocator-block-size=16777216"
    "memorysetup-profiler-editor-allocator-block-size=1048576"
    "memorysetup-temp-allocator-size-main=16777216"
    "memorysetup-job-temp-allocator-block-size=2097152"
    "memorysetup-job-temp-allocator-block-size-background=1048576"
    "memorysetup-job-temp-allocator-reduction-small-platforms=262144"
    "memorysetup-temp-allocator-size-background-worker=32768"
    "memorysetup-temp-allocator-size-job-worker=262144"
    "memorysetup-temp-allocator-size-preload-manager=33554432"
    "memorysetup-temp-allocator-size-nav-mesh-worker=65536"
    "memorysetup-temp-allocator-size-audio-worker=65536"
    "memorysetup-temp-allocator-size-cloud-worker=32768"
    "memorysetup-temp-allocator-size-gi-baking-worker=262144"
    "memorysetup-temp-allocator-size-gfx=262144"
Player connection [34008] Host "[IP] 169.254.213.19 [Port] 0 [Flags] 2 [Guid] 3398062018 [EditorId] 3398062018 [Version] 1048832 [Id] WindowsEditor(7,DESKTOP-Q7L95VN) [Debug] 1 [PackageName] WindowsEditor [ProjectName] Editor" joined multi-casting on [225.0.0.222:54997]...

Player connection [34008] Host "[IP] 169.254.213.19 [Port] 0 [Flags] 2 [Guid] 3398062018 [EditorId] 3398062018 [Version] 1048832 [Id] WindowsEditor(7,DESKTOP-Q7L95VN) [Debug] 1 [PackageName] WindowsEditor [ProjectName] Editor" joined alternative multi-casting on [225.0.0.222:34997]...

Refreshing native plugins compatible for Editor in 119.60 ms, found 3 plugins.
Preloading 0 native plugins for Editor in 0.00 ms.
Initialize engine version: 2021.3.22f1 (b6c551784ba3)
[Subsystems] Discovering subsystems at path C:/Program Files/Unity/Hub/Editor/2021.3.22f1/Editor/Data/Resources/UnitySubsystems
[Subsystems] Discovering subsystems at path F:/Personal activity/CSTHackathon/Before the Storm - A Tale of Jerusalem/Assets
GfxDevice: creating device client; threaded=0; jobified=0
Direct3D:
    Version:  Direct3D 11.0 [level 11.1]
    Renderer: NVIDIA GeForce GTX 1660 Ti (ID=0x2191)
    Vendor:   NVIDIA
    VRAM:     5979 MB
    Driver:   31.0.15.3141
Initialize mono
Mono path[0] = 'C:/Program Files/Unity/Hub/Editor/2021.3.22f1/Editor/Data/Managed'
Mono path[1] = 'C:/Program Files/Unity/Hub/Editor/2021.3.22f1/Editor/Data/MonoBleedingEdge/lib/mono/unityjit-win32'
Mono config path = 'C:/Program Files/Unity/Hub/Editor/2021.3.22f1/Editor/Data/MonoBleedingEdge/etc'
Using monoOptions --debugger-agent=transport=dt_socket,embedding=1,server=y,suspend=n,address=127.0.0.1:56608
Begin MonoManager ReloadAssembly
Registering precompiled unity dll's ...
Register platform support module: C:/Program Files/Unity/Hub/Editor/2021.3.22f1/Editor/Data/PlaybackEngines/WindowsStandaloneSupport/UnityEditor.WindowsStandalone.Extensions.dll
Register platform support module: C:/Program Files/Unity/Hub/Editor/2021.3.22f1/Editor/Data/PlaybackEngines/MetroSupport/UnityEditor.UWP.Extensions.dll
Registered in 0.011593 seconds.
Native extension for UWP target not found
Native extension for WindowsStandalone target not found
Refreshing native plugins compatible for Editor in 89.51 ms, found 3 plugins.
Preloading 0 native plugins for Editor in 0.00 ms.
Mono: successfully reloaded assembly
- Completed reload, in  0.743 seconds
Domain Reload Profiling:
	ReloadAssembly (744ms)
		BeginReloadAssembly (124ms)
			ExecutionOrderSort (0ms)
			DisableScriptedObjects (0ms)
			BackupInstance (0ms)
			ReleaseScriptingObjects (0ms)
			CreateAndSetChildDomain (1ms)
		EndReloadAssembly (503ms)
			LoadAssemblies (122ms)
			RebuildTransferFunctionScriptingTraits (0ms)
			SetupTypeCache (112ms)
			ReleaseScriptCaches (0ms)
			RebuildScriptCaches (28ms)
			SetupLoadedEditorAssemblies (308ms)
				LogAssemblyErrors (0ms)
				InitializePlatformSupportModulesInManaged (9ms)
				SetLoadedEditorAssemblies (0ms)
				RefreshPlugins (90ms)
				BeforeProcessingInitializeOnLoad (1ms)
				ProcessInitializeOnLoadAttributes (146ms)
				ProcessInitializeOnLoadMethodAttributes (62ms)
				AfterProcessingInitializeOnLoad (0ms)
				EditorAssembliesLoaded (0ms)
			ExecutionOrderSort2 (0ms)
			AwakeInstancesAfterBackupRestoration (0ms)
Platform modules already initialized, skipping
Registering precompiled user dll's ...
Registered in 0.012228 seconds.
Begin MonoManager ReloadAssembly
Symbol file LoadedFromMemory doesn't match image F:\Personal activity\CSTHackathon\Before the Storm - A Tale of Jerusalem\Library\PackageCache\com.unity.visualscripting@1.8.0\Editor\VisualScripting.Core\Dependencies\YamlDotNet\Unity.VisualScripting.YamlDotNet.dll
Symbol file LoadedFromMemory doesn't match image F:\Personal activity\CSTHackathon\Before the Storm - A Tale of Jerusalem\Library\PackageCache\com.unity.visualscripting@1.8.0\Editor\VisualScripting.Core\Dependencies\DotNetZip\Unity.VisualScripting.IonicZip.dll
Native extension for UWP target not found
Native extension for WindowsStandalone target not found
Refreshing native plugins compatible for Editor in 0.54 ms, found 3 plugins.
Preloading 0 native plugins for Editor in 0.00 ms.
Mono: successfully reloaded assembly
- Completed reload, in  1.158 seconds
Domain Reload Profiling:
	ReloadAssembly (1159ms)
		BeginReloadAssembly (142ms)
			ExecutionOrderSort (0ms)
			DisableScriptedObjects (6ms)
			BackupInstance (0ms)
			ReleaseScriptingObjects (0ms)
			CreateAndSetChildDomain (21ms)
		EndReloadAssembly (905ms)
			LoadAssemblies (126ms)
			RebuildTransferFunctionScriptingTraits (0ms)
			SetupTypeCache (268ms)
			ReleaseScriptCaches (1ms)
			RebuildScriptCaches (56ms)
			SetupLoadedEditorAssemblies (427ms)
				LogAssemblyErrors (0ms)
				InitializePlatformSupportModulesInManaged (8ms)
				SetLoadedEditorAssemblies (1ms)
				RefreshPlugins (1ms)
				BeforeProcessingInitializeOnLoad (135ms)
				ProcessInitializeOnLoadAttributes (252ms)
				ProcessInitializeOnLoadMethodAttributes (20ms)
				AfterProcessingInitializeOnLoad (10ms)
				EditorAssembliesLoaded (0ms)
			ExecutionOrderSort2 (0ms)
			AwakeInstancesAfterBackupRestoration (7ms)
Platform modules already initialized, skipping
========================================================================
Worker process is ready to serve import requests
Launched and connected shader compiler UnityShaderCompiler.exe after 0.09 seconds
Refreshing native plugins compatible for Editor in 1.10 ms, found 3 plugins.
Preloading 0 native plugins for Editor in 0.00 ms.
Unloading 3234 Unused Serialized files (Serialized files now loaded: 0)
Unloading 34 unused Assets / (1.3 MB). Loaded Objects now: 3701.
Memory consumption went from 135.4 MB to 134.1 MB.
Total: 4.663000 ms (FindLiveObjects: 0.350500 ms CreateObjectMapping: 0.477300 ms MarkObjects: 3.477100 ms  DeleteObjects: 0.356800 ms)

AssetImportParameters requested are different than current active one (requested -> active):
  custom:video-decoder-ogg-theora: a1e56fd34408186e4bbccfd4996cb3dc -> 
  custom:container-muxer-webm: aa71ff27fc2769a1b78a27578f13a17b -> 
  custom:container-demuxer-webm: 4f35f7cbe854078d1ac9338744f61a02 -> 
  custom:video-encoder-webm-vp8: eb34c28f22e8b96e1ab97ce403110664 -> 
  custom:audio-encoder-webm-vorbis: bf7c407c2cedff20999df2af8eb42d56 -> 
  custom:framework-win-MediaFoundation: 216162199b28c13a410421893ffa2e32 -> 
  custom:container-demuxer-ogg: 62fdf1f143b41e24485cea50d1cbac27 -> 
  custom:video-decoder-webm-vp8: 9c59270c3fd7afecdb556c50c9e8de78 -> 
  custom:audio-decoder-ogg-vorbis: bf7c407c2cedff20999df2af8eb42d56 -> 
========================================================================
Received Import Request.
  Time since last request: 28208.551546 seconds.
  path: Assets/Scenes/test.mat
  artifactKey: Guid(6661611f57989db4f9c4239a5368c5b1) Importer(815301076,1909f56bfc062723c751e8b465ee728b)
Start importing Assets/Scenes/test.mat using Guid(6661611f57989db4f9c4239a5368c5b1) Importer(815301076,1909f56bfc062723c751e8b465ee728b)  -> (artifact id: '5697e519fe34ef6b413ce81b65fe665f') in 0.129206 seconds 
========================================================================
Received Import Request.
  Time since last request: 43.711326 seconds.
  path: Assets/Scenes/test.mat
  artifactKey: Guid(6661611f57989db4f9c4239a5368c5b1) Importer(815301076,1909f56bfc062723c751e8b465ee728b)
Start importing Assets/Scenes/test.mat using Guid(6661611f57989db4f9c4239a5368c5b1) Importer(815301076,1909f56bfc062723c751e8b465ee728b)  -> (artifact id: '3be7a8de36f967fe24e800156cbb9cf8') in 0.011302 seconds 
========================================================================
Received Import Request.
  Time since last request: 154.430169 seconds.
  path: Assets/Scenes/test2.mat
  artifactKey: Guid(0b72132018520204ebca58a4a43852ec) Importer(815301076,1909f56bfc062723c751e8b465ee728b)
Start importing Assets/Scenes/test2.mat using Guid(0b72132018520204ebca58a4a43852ec) Importer(815301076,1909f56bfc062723c751e8b465ee728b)  -> (artifact id: '747d4d8aa19aba0d6033eaab6eaca282') in 0.016615 seconds 
========================================================================
Received Import Request.
  Time since last request: 119.773348 seconds.
  path: Assets/Scenes/GUIScene.unity
  artifactKey: Guid(68a1644dac5185f4b9b849ef9f08d67a) Importer(815301076,1909f56bfc062723c751e8b465ee728b)
Start importing Assets/Scenes/GUIScene.unity using Guid(68a1644dac5185f4b9b849ef9f08d67a) Importer(815301076,1909f56bfc062723c751e8b465ee728b)  -> (artifact id: 'e210c940483d2723e8eaf794913b453c') in 0.003609 seconds 
========================================================================
Received Import Request.
  Time since last request: 5.326107 seconds.
  path: Assets/Scenes/MainScene.unity
  artifactKey: Guid(be66e86d2b72e7b47a8f4b9e193291bf) Importer(815301076,1909f56bfc062723c751e8b465ee728b)
Start importing Assets/Scenes/MainScene.unity using Guid(be66e86d2b72e7b47a8f4b9e193291bf) Importer(815301076,1909f56bfc062723c751e8b465ee728b)  -> (artifact id: 'b37aaedd047a331b088d75dd35af85de') in 0.003768 seconds 
========================================================================
Received Import Request.
  Time since last request: 28.155925 seconds.
  path: Assets/Scripts
  artifactKey: Guid(34946d4ec7524bb4cafb9a468fe9822c) Importer(815301076,1909f56bfc062723c751e8b465ee728b)
Start importing Assets/Scripts using Guid(34946d4ec7524bb4cafb9a468fe9822c) Importer(815301076,1909f56bfc062723c751e8b465ee728b)  -> (artifact id: '3a403e5a32519c248b462468eb0711d9') in 0.003636 seconds 
========================================================================
Received Import Request.
  Time since last request: 7.703301 seconds.
  path: Assets/Scenes/Images
  artifactKey: Guid(14b73f40e98546e4691fece14ce3799d) Importer(815301076,1909f56bfc062723c751e8b465ee728b)
Start importing Assets/Scenes/Images using Guid(14b73f40e98546e4691fece14ce3799d) Importer(815301076,1909f56bfc062723c751e8b465ee728b)  -> (artifact id: 'b2aba0baa8ac7a76a6c5bf6e354944dd') in 0.003642 seconds 
========================================================================
Received Import Request.
  Time since last request: 29.554546 seconds.
  path: Assets/Scenes/Images/lance-removebg-preview.png
  artifactKey: Guid(bb50111394d902546a6623634c11b843) Importer(815301076,1909f56bfc062723c751e8b465ee728b)
Start importing Assets/Scenes/Images/lance-removebg-preview.png using Guid(bb50111394d902546a6623634c11b843) Importer(815301076,1909f56bfc062723c751e8b465ee728b)  -> (artifact id: '5c78d59ee4b4cc655e92133513ade8aa') in 0.025735 seconds 
========================================================================
Received Import Request.
  Time since last request: 0.000036 seconds.
  path: Assets/Scenes/Images/the_holy_grail-removebg-preview.png
  artifactKey: Guid(cce6a46816fd89347956d19d9cf6ad28) Importer(815301076,1909f56bfc062723c751e8b465ee728b)
Start importing Assets/Scenes/Images/the_holy_grail-removebg-preview.png using Guid(cce6a46816fd89347956d19d9cf6ad28) Importer(815301076,1909f56bfc062723c751e8b465ee728b)  -> (artifact id: '60876fa5b849c249abe4ee8e9b8f0d73') in 0.025919 seconds 
========================================================================
Received Import Request.
  Time since last request: 0.000025 seconds.
  path: Assets/Scenes/Images/true_cross-removebg-preview.png
  artifactKey: Guid(8f986aa304dcb674181763629c47d703) Importer(815301076,1909f56bfc062723c751e8b465ee728b)
Start importing Assets/Scenes/Images/true_cross-removebg-preview.png using Guid(8f986aa304dcb674181763629c47d703) Importer(815301076,1909f56bfc062723c751e8b465ee728b)  -> (artifact id: '66cf0a91150e7fe974307367447722d9') in 0.013278 seconds 
========================================================================
Received Import Request.
  Time since last request: 0.000058 seconds.
  path: Assets/Scenes/Images/the_crusader_cross-removebg-preview.png
  artifactKey: Guid(9d49ce43636bb774fad1052b1bc987ff) Importer(815301076,1909f56bfc062723c751e8b465ee728b)
Start importing Assets/Scenes/Images/the_crusader_cross-removebg-preview.png using Guid(9d49ce43636bb774fad1052b1bc987ff) Importer(815301076,1909f56bfc062723c751e8b465ee728b)  -> (artifact id: '11b49acf8459003716d66968fe2fde9e') in 0.014814 seconds 
========================================================================
Received Import Request.
  Time since last request: 10.114961 seconds.
  path: Assets/Scenes/Images/lance-removebg-preview.png
  artifactKey: Guid(bb50111394d902546a6623634c11b843) Importer(815301076,1909f56bfc062723c751e8b465ee728b)
Start importing Assets/Scenes/Images/lance-removebg-preview.png using Guid(bb50111394d902546a6623634c11b843) Importer(815301076,1909f56bfc062723c751e8b465ee728b)  -> (artifact id: 'b9213e9397053a0b333ec78a7979104a') in 0.036121 seconds 
========================================================================
Received Import Request.
  Time since last request: 5.089871 seconds.
  path: Assets/Scenes/Images/siege_tower-removebg-preview.png
  artifactKey: Guid(7b3c3edc59777e745a7bada7cdced762) Importer(815301076,1909f56bfc062723c751e8b465ee728b)
Start importing Assets/Scenes/Images/siege_tower-removebg-preview.png using Guid(7b3c3edc59777e745a7bada7cdced762) Importer(815301076,1909f56bfc062723c751e8b465ee728b)  -> (artifact id: '4fad1a8e78ab3082aecb2e1cf605ff6d') in 0.029331 seconds 
========================================================================
Received Import Request.
  Time since last request: 5.721337 seconds.
  path: Assets/Scenes/Images/the_holy_grail-removebg-preview.png
  artifactKey: Guid(cce6a46816fd89347956d19d9cf6ad28) Importer(815301076,1909f56bfc062723c751e8b465ee728b)
Start importing Assets/Scenes/Images/the_holy_grail-removebg-preview.png using Guid(cce6a46816fd89347956d19d9cf6ad28) Importer(815301076,1909f56bfc062723c751e8b465ee728b)  -> (artifact id: '5209e91c318466ac49342a424909a4ad') in 0.028098 seconds 
========================================================================
Received Import Request.
  Time since last request: 0.001757 seconds.
  path: Assets/Scenes/Images/the_crusader_cross-removebg-preview.png
  artifactKey: Guid(9d49ce43636bb774fad1052b1bc987ff) Importer(815301076,1909f56bfc062723c751e8b465ee728b)
Start importing Assets/Scenes/Images/the_crusader_cross-removebg-preview.png using Guid(9d49ce43636bb774fad1052b1bc987ff) Importer(815301076,1909f56bfc062723c751e8b465ee728b)  -> (artifact id: '90dfb3dfa9f29f9d9680b3f4316c5173') in 0.072182 seconds 
========================================================================
Received Prepare
Registering precompiled user dll's ...
Registered in 0.004219 seconds.
Begin MonoManager ReloadAssembly
Symbol file LoadedFromMemory doesn't match image F:\Personal activity\CSTHackathon\Before the Storm - A Tale of Jerusalem\Library\PackageCache\com.unity.visualscripting@1.8.0\Editor\VisualScripting.Core\Dependencies\YamlDotNet\Unity.VisualScripting.YamlDotNet.dll
Symbol file LoadedFromMemory doesn't match image F:\Personal activity\CSTHackathon\Before the Storm - A Tale of Jerusalem\Library\PackageCache\com.unity.visualscripting@1.8.0\Editor\VisualScripting.Core\Dependencies\DotNetZip\Unity.VisualScripting.IonicZip.dll
Native extension for UWP target not found
Native extension for WindowsStandalone target not found
Refreshing native plugins compatible for Editor in 0.57 ms, found 3 plugins.
Preloading 0 native plugins for Editor in 0.00 ms.
Mono: successfully reloaded assembly
- Completed reload, in  1.250 seconds
Domain Reload Profiling:
	ReloadAssembly (1250ms)
		BeginReloadAssembly (182ms)
			ExecutionOrderSort (0ms)
			DisableScriptedObjects (5ms)
			BackupInstance (0ms)
			ReleaseScriptingObjects (0ms)
			CreateAndSetChildDomain (44ms)
		EndReloadAssembly (946ms)
			LoadAssemblies (117ms)
			RebuildTransferFunctionScriptingTraits (0ms)
			SetupTypeCache (342ms)
			ReleaseScriptCaches (1ms)
			RebuildScriptCaches (57ms)
			SetupLoadedEditorAssemblies (400ms)
				LogAssemblyErrors (0ms)
				InitializePlatformSupportModulesInManaged (9ms)
				SetLoadedEditorAssemblies (1ms)
				RefreshPlugins (1ms)
				BeforeProcessingInitializeOnLoad (87ms)
				ProcessInitializeOnLoadAttributes (255ms)
				ProcessInitializeOnLoadMethodAttributes (30ms)
				AfterProcessingInitializeOnLoad (17ms)
				EditorAssembliesLoaded (0ms)
			ExecutionOrderSort2 (0ms)
			AwakeInstancesAfterBackupRestoration (13ms)
Platform modules already initialized, skipping
Refreshing native plugins compatible for Editor in 3.23 ms, found 3 plugins.
Preloading 0 native plugins for Editor in 0.00 ms.
Unloading 3187 Unused Serialized files (Serialized files now loaded: 0)
Unloading 27 unused Assets / (1.2 MB). Loaded Objects now: 3759.
Memory consumption went from 135.5 MB to 134.3 MB.
Total: 6.166500 ms (FindLiveObjects: 0.434800 ms CreateObjectMapping: 0.357500 ms MarkObjects: 5.019000 ms  DeleteObjects: 0.352700 ms)

AssetImportParameters requested are different than current active one (requested -> active):
  custom:video-decoder-ogg-theora: a1e56fd34408186e4bbccfd4996cb3dc -> 
  custom:container-muxer-webm: aa71ff27fc2769a1b78a27578f13a17b -> 
  custom:container-demuxer-webm: 4f35f7cbe854078d1ac9338744f61a02 -> 
  custom:video-encoder-webm-vp8: eb34c28f22e8b96e1ab97ce403110664 -> 
  custom:audio-encoder-webm-vorbis: bf7c407c2cedff20999df2af8eb42d56 -> 
  custom:framework-win-MediaFoundation: 216162199b28c13a410421893ffa2e32 -> 
  custom:container-demuxer-ogg: 62fdf1f143b41e24485cea50d1cbac27 -> 
  custom:video-decoder-webm-vp8: 9c59270c3fd7afecdb556c50c9e8de78 -> 
  custom:audio-decoder-ogg-vorbis: bf7c407c2cedff20999df2af8eb42d56 -> 
Editor requested this worker to shutdown with reason: Scaling down because of idle timeout
AssetImportWorker is now disconnected from the server
Process exiting
Exiting without the bug reporter. Application will terminate with return code 0