Using pre-set license
Built from '2021.3/staging' branch; Version is '2021.3.22f1 (b6c551784ba3) revision 11978065'; Using compiler version '192829333'; Build Type 'Release'
OS: 'Windows 11  (10.0.22621) 64bit Professional' Language: 'en' Physical Memory: 16217 MB
BatchMode: 1, IsHumanControllingUs: 0, StartBugReporterOnCrash: 0, Is64bit: 1, IsPro: 1

COMMAND LINE ARGUMENTS:
C:\Program Files\Unity\Hub\Editor\2021.3.22f1\Editor\Unity.exe
-adb2
-batchMode
-noUpm
-name
AssetImportWorker2
-projectPath
F:/Personal activity/CSTHackathon/Before the Storm - A Tale of Jerusalem
-logFile
Logs/AssetImportWorker2.log
-srvPort
57246
Successfully changed project path to: F:/Personal activity/CSTHackathon/Before the Storm - A Tale of Jerusalem
F:/Personal activity/CSTHackathon/Before the Storm - A Tale of Jerusalem
[UnityMemory] Configuration Parameters - Can be set up in boot.config
    "memorysetup-bucket-allocator-granularity=16"
    "memorysetup-bucket-allocator-bucket-count=8"
    "memorysetup-bucket-allocator-block-size=33554432"
    "memorysetup-bucket-allocator-block-count=8"
    "memorysetup-main-allocator-block-size=16777216"
    "memorysetup-thread-allocator-block-size=16777216"
    "memorysetup-gfx-main-allocator-block-size=16777216"
    "memorysetup-gfx-thread-allocator-block-size=16777216"
    "memorysetup-cache-allocator-block-size=4194304"
    "memorysetup-typetree-allocator-block-size=2097152"
    "memorysetup-profiler-bucket-allocator-granularity=16"
    "memorysetup-profiler-bucket-allocator-bucket-count=8"
    "memorysetup-profiler-bucket-allocator-block-size=33554432"
    "memorysetup-profiler-bucket-allocator-block-count=8"
    "memorysetup-profiler-allocator-block-size=16777216"
    "memorysetup-profiler-editor-allocator-block-size=1048576"
    "memorysetup-temp-allocator-size-main=16777216"
    "memorysetup-job-temp-allocator-block-size=2097152"
    "memorysetup-job-temp-allocator-block-size-background=1048576"
    "memorysetup-job-temp-allocator-reduction-small-platforms=262144"
    "memorysetup-temp-allocator-size-background-worker=32768"
    "memorysetup-temp-allocator-size-job-worker=262144"
    "memorysetup-temp-allocator-size-preload-manager=33554432"
    "memorysetup-temp-allocator-size-nav-mesh-worker=65536"
    "memorysetup-temp-allocator-size-audio-worker=65536"
    "memorysetup-temp-allocator-size-cloud-worker=32768"
    "memorysetup-temp-allocator-size-gi-baking-worker=262144"
    "memorysetup-temp-allocator-size-gfx=262144"
Player connection [31868] Host "[IP] 169.254.213.19 [Port] 0 [Flags] 2 [Guid] 2362524553 [EditorId] 2362524553 [Version] 1048832 [Id] WindowsEditor(7,DESKTOP-Q7L95VN) [Debug] 1 [PackageName] WindowsEditor [ProjectName] Editor" joined multi-casting on [225.0.0.222:54997]...

Player connection [31868] Host "[IP] 169.254.213.19 [Port] 0 [Flags] 2 [Guid] 2362524553 [EditorId] 2362524553 [Version] 1048832 [Id] WindowsEditor(7,DESKTOP-Q7L95VN) [Debug] 1 [PackageName] WindowsEditor [ProjectName] Editor" joined alternative multi-casting on [225.0.0.222:34997]...

Refreshing native plugins compatible for Editor in 99.33 ms, found 3 plugins.
Preloading 0 native plugins for Editor in 0.00 ms.
Initialize engine version: 2021.3.22f1 (b6c551784ba3)
[Subsystems] Discovering subsystems at path C:/Program Files/Unity/Hub/Editor/2021.3.22f1/Editor/Data/Resources/UnitySubsystems
[Subsystems] Discovering subsystems at path F:/Personal activity/CSTHackathon/Before the Storm - A Tale of Jerusalem/Assets
GfxDevice: creating device client; threaded=0; jobified=0
Direct3D:
    Version:  Direct3D 11.0 [level 11.1]
    Renderer: NVIDIA GeForce GTX 1660 Ti (ID=0x2191)
    Vendor:   NVIDIA
    VRAM:     5979 MB
    Driver:   31.0.15.3141
Initialize mono
Mono path[0] = 'C:/Program Files/Unity/Hub/Editor/2021.3.22f1/Editor/Data/Managed'
Mono path[1] = 'C:/Program Files/Unity/Hub/Editor/2021.3.22f1/Editor/Data/MonoBleedingEdge/lib/mono/unityjit-win32'
Mono config path = 'C:/Program Files/Unity/Hub/Editor/2021.3.22f1/Editor/Data/MonoBleedingEdge/etc'
Using monoOptions --debugger-agent=transport=dt_socket,embedding=1,server=y,suspend=n,address=127.0.0.1:56756
Begin MonoManager ReloadAssembly
Registering precompiled unity dll's ...
Register platform support module: C:/Program Files/Unity/Hub/Editor/2021.3.22f1/Editor/Data/PlaybackEngines/WindowsStandaloneSupport/UnityEditor.WindowsStandalone.Extensions.dll
Register platform support module: C:/Program Files/Unity/Hub/Editor/2021.3.22f1/Editor/Data/PlaybackEngines/MetroSupport/UnityEditor.UWP.Extensions.dll
Registered in 0.009776 seconds.
Native extension for UWP target not found
Native extension for WindowsStandalone target not found
Refreshing native plugins compatible for Editor in 95.69 ms, found 3 plugins.
Preloading 0 native plugins for Editor in 0.00 ms.
Mono: successfully reloaded assembly
- Completed reload, in  0.720 seconds
Domain Reload Profiling:
	ReloadAssembly (720ms)
		BeginReloadAssembly (98ms)
			ExecutionOrderSort (0ms)
			DisableScriptedObjects (0ms)
			BackupInstance (0ms)
			ReleaseScriptingObjects (0ms)
			CreateAndSetChildDomain (1ms)
		EndReloadAssembly (511ms)
			LoadAssemblies (95ms)
			RebuildTransferFunctionScriptingTraits (0ms)
			SetupTypeCache (111ms)
			ReleaseScriptCaches (0ms)
			RebuildScriptCaches (31ms)
			SetupLoadedEditorAssemblies (313ms)
				LogAssemblyErrors (0ms)
				InitializePlatformSupportModulesInManaged (10ms)
				SetLoadedEditorAssemblies (0ms)
				RefreshPlugins (96ms)
				BeforeProcessingInitializeOnLoad (1ms)
				ProcessInitializeOnLoadAttributes (148ms)
				ProcessInitializeOnLoadMethodAttributes (58ms)
				AfterProcessingInitializeOnLoad (0ms)
				EditorAssembliesLoaded (0ms)
			ExecutionOrderSort2 (0ms)
			AwakeInstancesAfterBackupRestoration (0ms)
Platform modules already initialized, skipping
Registering precompiled user dll's ...
Registered in 0.006789 seconds.
Begin MonoManager ReloadAssembly
Symbol file LoadedFromMemory doesn't match image F:\Personal activity\CSTHackathon\Before the Storm - A Tale of Jerusalem\Library\PackageCache\com.unity.visualscripting@1.8.0\Editor\VisualScripting.Core\Dependencies\YamlDotNet\Unity.VisualScripting.YamlDotNet.dll
Symbol file LoadedFromMemory doesn't match image F:\Personal activity\CSTHackathon\Before the Storm - A Tale of Jerusalem\Library\PackageCache\com.unity.visualscripting@1.8.0\Editor\VisualScripting.Core\Dependencies\DotNetZip\Unity.VisualScripting.IonicZip.dll
Native extension for UWP target not found
Native extension for WindowsStandalone target not found
Refreshing native plugins compatible for Editor in 0.56 ms, found 3 plugins.
Preloading 0 native plugins for Editor in 0.00 ms.
Mono: successfully reloaded assembly
- Completed reload, in  1.194 seconds
Domain Reload Profiling:
	ReloadAssembly (1195ms)
		BeginReloadAssembly (127ms)
			ExecutionOrderSort (0ms)
			DisableScriptedObjects (5ms)
			BackupInstance (0ms)
			ReleaseScriptingObjects (0ms)
			CreateAndSetChildDomain (20ms)
		EndReloadAssembly (959ms)
			LoadAssemblies (87ms)
			RebuildTransferFunctionScriptingTraits (0ms)
			SetupTypeCache (295ms)
			ReleaseScriptCaches (1ms)
			RebuildScriptCaches (50ms)
			SetupLoadedEditorAssemblies (493ms)
				LogAssemblyErrors (0ms)
				InitializePlatformSupportModulesInManaged (8ms)
				SetLoadedEditorAssemblies (1ms)
				RefreshPlugins (1ms)
				BeforeProcessingInitializeOnLoad (97ms)
				ProcessInitializeOnLoadAttributes (355ms)
				ProcessInitializeOnLoadMethodAttributes (21ms)
				AfterProcessingInitializeOnLoad (12ms)
				EditorAssembliesLoaded (0ms)
			ExecutionOrderSort2 (0ms)
			AwakeInstancesAfterBackupRestoration (8ms)
Platform modules already initialized, skipping
========================================================================
Worker process is ready to serve import requests
Failed to load shader (instanceID 444, GUID 67f9497810829eb4791ec19e95781e51)
Failed to load shader (instanceID 430, GUID b34a29e523cb9d545881e193a079f2df)
Failed to load shader (instanceID 446, GUID f997a3dc9254c44459323cced085150c)
Failed to load shader (instanceID 408, GUID e8ce9961912f3214586fe8709b9012c1)
Failed to load shader (instanceID 426, GUID 382151503e2a43a4ebb7366d1632731d)
Failed to load shader (instanceID 428, GUID 7ad194cbe7d006f4bace915156972026)
Failed to load shader (instanceID 432, GUID f7ea35cfb33fcad4ab8f2429ec103bef)
Failed to load shader (instanceID 442, GUID d7640629310e79646af0f46eb55ae466)
Failed to load shader (instanceID 416, GUID 0d8afcb51cc9f0349a6d190da929b838)
Failed to load shader (instanceID 434, GUID 3020ac7ece79a7f4eb789a236f8bd6c5)
Failed to load shader (instanceID 452, GUID 5bb6ef6f3e1b20348b4fdb01e4c404e2)
Failed to load shader (instanceID 418, GUID 2c459b89a7c8b1a4fbefe0d81341651c)
Failed to load shader (instanceID 412, GUID 0ef78d24e85a44f4da9d5b5eaa00e50b)
Failed to load shader (instanceID 448, GUID fe144c7e314047f4bb779d555c5405ac)
Failed to load shader (instanceID 410, GUID 5ab0816423f0dfe45841cab3b05ec9ef)
Failed to load shader (instanceID 402, GUID cdbdb71de5f9c454b980f6d0e87f0afb)
Failed to load shader (instanceID 404, GUID 4bf4cff0d0bac3d43894e2e8839feb40)
Failed to load shader (instanceID 422, GUID 81af42a93ade3dd46a9b583d4eec76d6)
Failed to load shader (instanceID 436, GUID a71093f2a4fe26a40805c22739e10e4a)
Failed to load shader (instanceID 400, GUID c1e1d3119c6fd4646aea0b4b74cacc1a)
Failed to load shader (instanceID 424, GUID 34a819c9e33402547a81619693adc8d5)
Failed to load shader (instanceID 440, GUID 4117fce9491711c4094d33a048e36e73)
Failed to load shader (instanceID 414, GUID f75014305794b3948a3c6d5ccd550e05)
Failed to load shader (instanceID 420, GUID 51bcf79c50dc92e47ba87821b61100c3)
Failed to load shader (instanceID 406, GUID 02d2da9bc88d25c4d878c1ed4e0b3854)
Failed to load shader (instanceID 438, GUID b958ad1c92bd3d64c9e61318b8681dab)
Failed to load shader (instanceID 450, GUID de7f3ac52268a194383c7d62c2a343c1)
Launched and connected shader compiler UnityShaderCompiler.exe after 0.06 seconds
Refreshing native plugins compatible for Editor in 0.66 ms, found 3 plugins.
Preloading 0 native plugins for Editor in 0.00 ms.
Unloading 3098 Unused Serialized files (Serialized files now loaded: 0)
Unloading 22 unused Assets / (56.7 KB). Loaded Objects now: 3577.
Memory consumption went from 124.0 MB to 123.9 MB.
Total: 4.373200 ms (FindLiveObjects: 0.371500 ms CreateObjectMapping: 0.354100 ms MarkObjects: 3.542900 ms  DeleteObjects: 0.103300 ms)

AssetImportParameters requested are different than current active one (requested -> active):
  custom:video-decoder-ogg-theora: a1e56fd34408186e4bbccfd4996cb3dc -> 
  custom:container-muxer-webm: aa71ff27fc2769a1b78a27578f13a17b -> 
  custom:container-demuxer-webm: 4f35f7cbe854078d1ac9338744f61a02 -> 
  custom:video-encoder-webm-vp8: eb34c28f22e8b96e1ab97ce403110664 -> 
  custom:audio-encoder-webm-vorbis: bf7c407c2cedff20999df2af8eb42d56 -> 
  custom:framework-win-MediaFoundation: 216162199b28c13a410421893ffa2e32 -> 
  custom:container-demuxer-ogg: 62fdf1f143b41e24485cea50d1cbac27 -> 
  custom:video-decoder-webm-vp8: 9c59270c3fd7afecdb556c50c9e8de78 -> 
  custom:audio-decoder-ogg-vorbis: bf7c407c2cedff20999df2af8eb42d56 -> 
========================================================================
Received Prepare
Registering precompiled user dll's ...
Registered in 0.007153 seconds.
Begin MonoManager ReloadAssembly
Symbol file LoadedFromMemory doesn't match image F:\Personal activity\CSTHackathon\Before the Storm - A Tale of Jerusalem\Library\PackageCache\com.unity.visualscripting@1.8.0\Editor\VisualScripting.Core\Dependencies\YamlDotNet\Unity.VisualScripting.YamlDotNet.dll
Symbol file LoadedFromMemory doesn't match image F:\Personal activity\CSTHackathon\Before the Storm - A Tale of Jerusalem\Library\PackageCache\com.unity.visualscripting@1.8.0\Editor\VisualScripting.Core\Dependencies\DotNetZip\Unity.VisualScripting.IonicZip.dll
Native extension for UWP target not found
Native extension for WindowsStandalone target not found
Refreshing native plugins compatible for Editor in 0.88 ms, found 3 plugins.
Preloading 0 native plugins for Editor in 0.00 ms.
Mono: successfully reloaded assembly
- Completed reload, in  1.109 seconds
Domain Reload Profiling:
	ReloadAssembly (1109ms)
		BeginReloadAssembly (162ms)
			ExecutionOrderSort (0ms)
			DisableScriptedObjects (6ms)
			BackupInstance (0ms)
			ReleaseScriptingObjects (0ms)
			CreateAndSetChildDomain (41ms)
		EndReloadAssembly (837ms)
			LoadAssemblies (101ms)
			RebuildTransferFunctionScriptingTraits (0ms)
			SetupTypeCache (270ms)
			ReleaseScriptCaches (1ms)
			RebuildScriptCaches (43ms)
			SetupLoadedEditorAssemblies (390ms)
				LogAssemblyErrors (0ms)
				InitializePlatformSupportModulesInManaged (9ms)
				SetLoadedEditorAssemblies (1ms)
				RefreshPlugins (1ms)
				BeforeProcessingInitializeOnLoad (85ms)
				ProcessInitializeOnLoadAttributes (254ms)
				ProcessInitializeOnLoadMethodAttributes (27ms)
				AfterProcessingInitializeOnLoad (15ms)
				EditorAssembliesLoaded (0ms)
			ExecutionOrderSort2 (0ms)
			AwakeInstancesAfterBackupRestoration (9ms)
Platform modules already initialized, skipping
Failed to load shader (instanceID 444, GUID 67f9497810829eb4791ec19e95781e51)
Failed to load shader (instanceID 430, GUID b34a29e523cb9d545881e193a079f2df)
Failed to load shader (instanceID 446, GUID f997a3dc9254c44459323cced085150c)
Failed to load shader (instanceID 408, GUID e8ce9961912f3214586fe8709b9012c1)
Failed to load shader (instanceID 426, GUID 382151503e2a43a4ebb7366d1632731d)
Failed to load shader (instanceID 428, GUID 7ad194cbe7d006f4bace915156972026)
Failed to load shader (instanceID 432, GUID f7ea35cfb33fcad4ab8f2429ec103bef)
Failed to load shader (instanceID 442, GUID d7640629310e79646af0f46eb55ae466)
Failed to load shader (instanceID 416, GUID 0d8afcb51cc9f0349a6d190da929b838)
Failed to load shader (instanceID 434, GUID 3020ac7ece79a7f4eb789a236f8bd6c5)
Failed to load shader (instanceID 452, GUID 5bb6ef6f3e1b20348b4fdb01e4c404e2)
Failed to load shader (instanceID 418, GUID 2c459b89a7c8b1a4fbefe0d81341651c)
Failed to load shader (instanceID 412, GUID 0ef78d24e85a44f4da9d5b5eaa00e50b)
Failed to load shader (instanceID 448, GUID fe144c7e314047f4bb779d555c5405ac)
Failed to load shader (instanceID 410, GUID 5ab0816423f0dfe45841cab3b05ec9ef)
Failed to load shader (instanceID 402, GUID cdbdb71de5f9c454b980f6d0e87f0afb)
Failed to load shader (instanceID 404, GUID 4bf4cff0d0bac3d43894e2e8839feb40)
Failed to load shader (instanceID 422, GUID 81af42a93ade3dd46a9b583d4eec76d6)
Failed to load shader (instanceID 436, GUID a71093f2a4fe26a40805c22739e10e4a)
Failed to load shader (instanceID 400, GUID c1e1d3119c6fd4646aea0b4b74cacc1a)
Failed to load shader (instanceID 424, GUID 34a819c9e33402547a81619693adc8d5)
Failed to load shader (instanceID 440, GUID 4117fce9491711c4094d33a048e36e73)
Failed to load shader (instanceID 414, GUID f75014305794b3948a3c6d5ccd550e05)
Failed to load shader (instanceID 420, GUID 51bcf79c50dc92e47ba87821b61100c3)
Failed to load shader (instanceID 406, GUID 02d2da9bc88d25c4d878c1ed4e0b3854)
Failed to load shader (instanceID 438, GUID b958ad1c92bd3d64c9e61318b8681dab)
Failed to load shader (instanceID 450, GUID de7f3ac52268a194383c7d62c2a343c1)
Refreshing native plugins compatible for Editor in 3.22 ms, found 3 plugins.
Preloading 0 native plugins for Editor in 0.00 ms.
Unloading 3078 Unused Serialized files (Serialized files now loaded: 0)
Unloading 15 unused Assets / (24.6 KB). Loaded Objects now: 3580.
Memory consumption went from 122.2 MB to 122.2 MB.
Total: 5.594600 ms (FindLiveObjects: 0.417700 ms CreateObjectMapping: 0.399200 ms MarkObjects: 4.734800 ms  DeleteObjects: 0.041600 ms)

AssetImportParameters requested are different than current active one (requested -> active):
  custom:video-decoder-ogg-theora: a1e56fd34408186e4bbccfd4996cb3dc -> 
  custom:container-muxer-webm: aa71ff27fc2769a1b78a27578f13a17b -> 
  custom:container-demuxer-webm: 4f35f7cbe854078d1ac9338744f61a02 -> 
  custom:video-encoder-webm-vp8: eb34c28f22e8b96e1ab97ce403110664 -> 
  custom:audio-encoder-webm-vorbis: bf7c407c2cedff20999df2af8eb42d56 -> 
  custom:framework-win-MediaFoundation: 216162199b28c13a410421893ffa2e32 -> 
  custom:container-demuxer-ogg: 62fdf1f143b41e24485cea50d1cbac27 -> 
  custom:video-decoder-webm-vp8: 9c59270c3fd7afecdb556c50c9e8de78 -> 
  custom:audio-decoder-ogg-vorbis: bf7c407c2cedff20999df2af8eb42d56 -> 
========================================================================
Received Prepare
Registering precompiled user dll's ...
Registered in 0.004498 seconds.
Begin MonoManager ReloadAssembly
Symbol file LoadedFromMemory doesn't match image F:\Personal activity\CSTHackathon\Before the Storm - A Tale of Jerusalem\Library\PackageCache\com.unity.visualscripting@1.8.0\Editor\VisualScripting.Core\Dependencies\YamlDotNet\Unity.VisualScripting.YamlDotNet.dll
Symbol file LoadedFromMemory doesn't match image F:\Personal activity\CSTHackathon\Before the Storm - A Tale of Jerusalem\Library\PackageCache\com.unity.visualscripting@1.8.0\Editor\VisualScripting.Core\Dependencies\DotNetZip\Unity.VisualScripting.IonicZip.dll
Native extension for UWP target not found
Native extension for WindowsStandalone target not found
Refreshing native plugins compatible for Editor in 0.65 ms, found 3 plugins.
Preloading 0 native plugins for Editor in 0.00 ms.
Mono: successfully reloaded assembly
- Completed reload, in  1.086 seconds
Domain Reload Profiling:
	ReloadAssembly (1086ms)
		BeginReloadAssembly (158ms)
			ExecutionOrderSort (0ms)
			DisableScriptedObjects (6ms)
			BackupInstance (0ms)
			ReleaseScriptingObjects (0ms)
			CreateAndSetChildDomain (32ms)
		EndReloadAssembly (823ms)
			LoadAssemblies (107ms)
			RebuildTransferFunctionScriptingTraits (0ms)
			SetupTypeCache (276ms)
			ReleaseScriptCaches (1ms)
			RebuildScriptCaches (45ms)
			SetupLoadedEditorAssemblies (360ms)
				LogAssemblyErrors (0ms)
				InitializePlatformSupportModulesInManaged (9ms)
				SetLoadedEditorAssemblies (1ms)
				RefreshPlugins (1ms)
				BeforeProcessingInitializeOnLoad (80ms)
				ProcessInitializeOnLoadAttributes (235ms)
				ProcessInitializeOnLoadMethodAttributes (22ms)
				AfterProcessingInitializeOnLoad (12ms)
				EditorAssembliesLoaded (0ms)
			ExecutionOrderSort2 (0ms)
			AwakeInstancesAfterBackupRestoration (11ms)
Platform modules already initialized, skipping
Failed to load shader (instanceID 444, GUID 67f9497810829eb4791ec19e95781e51)
Failed to load shader (instanceID 430, GUID b34a29e523cb9d545881e193a079f2df)
Failed to load shader (instanceID 446, GUID f997a3dc9254c44459323cced085150c)
Failed to load shader (instanceID 408, GUID e8ce9961912f3214586fe8709b9012c1)
Failed to load shader (instanceID 426, GUID 382151503e2a43a4ebb7366d1632731d)
Failed to load shader (instanceID 428, GUID 7ad194cbe7d006f4bace915156972026)
Failed to load shader (instanceID 432, GUID f7ea35cfb33fcad4ab8f2429ec103bef)
Failed to load shader (instanceID 442, GUID d7640629310e79646af0f46eb55ae466)
Failed to load shader (instanceID 416, GUID 0d8afcb51cc9f0349a6d190da929b838)
Failed to load shader (instanceID 434, GUID 3020ac7ece79a7f4eb789a236f8bd6c5)
Failed to load shader (instanceID 452, GUID 5bb6ef6f3e1b20348b4fdb01e4c404e2)
Failed to load shader (instanceID 418, GUID 2c459b89a7c8b1a4fbefe0d81341651c)
Failed to load shader (instanceID 412, GUID 0ef78d24e85a44f4da9d5b5eaa00e50b)
Failed to load shader (instanceID 448, GUID fe144c7e314047f4bb779d555c5405ac)
Failed to load shader (instanceID 410, GUID 5ab0816423f0dfe45841cab3b05ec9ef)
Failed to load shader (instanceID 402, GUID cdbdb71de5f9c454b980f6d0e87f0afb)
Failed to load shader (instanceID 404, GUID 4bf4cff0d0bac3d43894e2e8839feb40)
Failed to load shader (instanceID 422, GUID 81af42a93ade3dd46a9b583d4eec76d6)
Failed to load shader (instanceID 436, GUID a71093f2a4fe26a40805c22739e10e4a)
Failed to load shader (instanceID 400, GUID c1e1d3119c6fd4646aea0b4b74cacc1a)
Failed to load shader (instanceID 424, GUID 34a819c9e33402547a81619693adc8d5)
Failed to load shader (instanceID 440, GUID 4117fce9491711c4094d33a048e36e73)
Failed to load shader (instanceID 414, GUID f75014305794b3948a3c6d5ccd550e05)
Failed to load shader (instanceID 420, GUID 51bcf79c50dc92e47ba87821b61100c3)
Failed to load shader (instanceID 406, GUID 02d2da9bc88d25c4d878c1ed4e0b3854)
Failed to load shader (instanceID 438, GUID b958ad1c92bd3d64c9e61318b8681dab)
Failed to load shader (instanceID 450, GUID de7f3ac52268a194383c7d62c2a343c1)
Refreshing native plugins compatible for Editor in 2.96 ms, found 3 plugins.
Preloading 0 native plugins for Editor in 0.00 ms.
Unloading 3078 Unused Serialized files (Serialized files now loaded: 0)
Unloading 15 unused Assets / (24.6 KB). Loaded Objects now: 3583.
Memory consumption went from 122.2 MB to 122.2 MB.
Total: 4.708500 ms (FindLiveObjects: 0.354100 ms CreateObjectMapping: 0.274700 ms MarkObjects: 4.046300 ms  DeleteObjects: 0.031600 ms)

AssetImportParameters requested are different than current active one (requested -> active):
  custom:video-decoder-ogg-theora: a1e56fd34408186e4bbccfd4996cb3dc -> 
  custom:container-muxer-webm: aa71ff27fc2769a1b78a27578f13a17b -> 
  custom:container-demuxer-webm: 4f35f7cbe854078d1ac9338744f61a02 -> 
  custom:video-encoder-webm-vp8: eb34c28f22e8b96e1ab97ce403110664 -> 
  custom:audio-encoder-webm-vorbis: bf7c407c2cedff20999df2af8eb42d56 -> 
  custom:framework-win-MediaFoundation: 216162199b28c13a410421893ffa2e32 -> 
  custom:container-demuxer-ogg: 62fdf1f143b41e24485cea50d1cbac27 -> 
  custom:video-decoder-webm-vp8: 9c59270c3fd7afecdb556c50c9e8de78 -> 
  custom:audio-decoder-ogg-vorbis: bf7c407c2cedff20999df2af8eb42d56 -> 
========================================================================
Received Import Request.
  Time since last request: 23150.084060 seconds.
  path: Assets/Scenes/GUIScene.unity
  artifactKey: Guid(68a1644dac5185f4b9b849ef9f08d67a) Importer(815301076,1909f56bfc062723c751e8b465ee728b)
Start importing Assets/Scenes/GUIScene.unity using Guid(68a1644dac5185f4b9b849ef9f08d67a) Importer(815301076,1909f56bfc062723c751e8b465ee728b)  -> (artifact id: '769ffdad1166b097582c3a099e111390') in 0.016117 seconds 
========================================================================
Received Import Request.
  Time since last request: 12.918121 seconds.
  path: Assets/Scenes/GameScene.unity
  artifactKey: Guid(1bdac251ef173b5478996e4d9311fd48) Importer(815301076,1909f56bfc062723c751e8b465ee728b)
Start importing Assets/Scenes/GameScene.unity using Guid(1bdac251ef173b5478996e4d9311fd48) Importer(815301076,1909f56bfc062723c751e8b465ee728b)  -> (artifact id: '0bd3bcd5cfc08dc6ec5a4a188a9d6caa') in 0.007626 seconds 
========================================================================
Received Import Request.
  Time since last request: 12.149205 seconds.
  path: Assets/Scenes/GUIScene.unity
  artifactKey: Guid(68a1644dac5185f4b9b849ef9f08d67a) Importer(815301076,1909f56bfc062723c751e8b465ee728b)
Start importing Assets/Scenes/GUIScene.unity using Guid(68a1644dac5185f4b9b849ef9f08d67a) Importer(815301076,1909f56bfc062723c751e8b465ee728b)  -> (artifact id: 'd7ecb0c3c6d7e629b9734273f8d995e3') in 0.004163 seconds 
========================================================================
Received Import Request.
  Time since last request: 25.072868 seconds.
  path: Assets/TextMesh Pro/Examples & Extras/Resources/Fonts & Materials/Anton SDF.asset
  artifactKey: Guid(8a89fa14b10d46a99122fd4f73fca9a2) Importer(815301076,1909f56bfc062723c751e8b465ee728b)
Start importing Assets/TextMesh Pro/Examples & Extras/Resources/Fonts & Materials/Anton SDF.asset using Guid(8a89fa14b10d46a99122fd4f73fca9a2) Importer(815301076,1909f56bfc062723c751e8b465ee728b)  -> (artifact id: '9ddcf21335bb43ff767a8983aa696556') in 0.217634 seconds 
========================================================================
Received Import Request.
  Time since last request: 0.000022 seconds.
  path: Assets/TextMesh Pro/Resources/Fonts & Materials/LiberationSans SDF - Fallback.asset
  artifactKey: Guid(2e498d1c8094910479dc3e1b768306a4) Importer(815301076,1909f56bfc062723c751e8b465ee728b)
Start importing Assets/TextMesh Pro/Resources/Fonts & Materials/LiberationSans SDF - Fallback.asset using Guid(2e498d1c8094910479dc3e1b768306a4) Importer(815301076,1909f56bfc062723c751e8b465ee728b)  -> (artifact id: '9aa6e52de20a3fde1374e8aeb921c8a3') in 0.046461 seconds 
========================================================================
Received Import Request.
  Time since last request: 0.000039 seconds.
  path: Assets/TextMesh Pro/Resources/Fonts & Materials/LiberationSans SDF.asset
  artifactKey: Guid(8f586378b4e144a9851e7b34d9b748ee) Importer(815301076,1909f56bfc062723c751e8b465ee728b)
Start importing Assets/TextMesh Pro/Resources/Fonts & Materials/LiberationSans SDF.asset using Guid(8f586378b4e144a9851e7b34d9b748ee) Importer(815301076,1909f56bfc062723c751e8b465ee728b)  -> (artifact id: '51221801b32631d898de1cb07f232595') in 0.072790 seconds 
Editor requested this worker to shutdown with reason: Scaling down because of idle timeout
AssetImportWorker is now disconnected from the server
Process exiting
Exiting without the bug reporter. Application will terminate with return code 0