Using pre-set license
Built from '2021.3/staging' branch; Version is '2021.3.22f1 (b6c551784ba3) revision 11978065'; Using compiler version '192829333'; Build Type 'Release'
OS: 'Windows 11  (10.0.22621) 64bit Professional' Language: 'en' Physical Memory: 16217 MB
BatchMode: 1, IsHumanControllingUs: 0, StartBugReporterOnCrash: 0, Is64bit: 1, IsPro: 1

COMMAND LINE ARGUMENTS:
C:\Program Files\Unity\Hub\Editor\2021.3.22f1\Editor\Unity.exe
-adb2
-batchMode
-noUpm
-name
AssetImportWorker5
-projectPath
F:/Personal activity/CSTHackathon/Before the Storm - A Tale of Jerusalem
-logFile
Logs/AssetImportWorker5.log
-srvPort
62266
Successfully changed project path to: F:/Personal activity/CSTHackathon/Before the Storm - A Tale of Jerusalem
F:/Personal activity/CSTHackathon/Before the Storm - A Tale of Jerusalem
[UnityMemory] Configuration Parameters - Can be set up in boot.config
    "memorysetup-bucket-allocator-granularity=16"
    "memorysetup-bucket-allocator-bucket-count=8"
    "memorysetup-bucket-allocator-block-size=33554432"
    "memorysetup-bucket-allocator-block-count=8"
    "memorysetup-main-allocator-block-size=16777216"
    "memorysetup-thread-allocator-block-size=16777216"
    "memorysetup-gfx-main-allocator-block-size=16777216"
    "memorysetup-gfx-thread-allocator-block-size=16777216"
    "memorysetup-cache-allocator-block-size=4194304"
    "memorysetup-typetree-allocator-block-size=2097152"
    "memorysetup-profiler-bucket-allocator-granularity=16"
    "memorysetup-profiler-bucket-allocator-bucket-count=8"
    "memorysetup-profiler-bucket-allocator-block-size=33554432"
    "memorysetup-profiler-bucket-allocator-block-count=8"
    "memorysetup-profiler-allocator-block-size=16777216"
    "memorysetup-profiler-editor-allocator-block-size=1048576"
    "memorysetup-temp-allocator-size-main=16777216"
    "memorysetup-job-temp-allocator-block-size=2097152"
    "memorysetup-job-temp-allocator-block-size-background=1048576"
    "memorysetup-job-temp-allocator-reduction-small-platforms=262144"
    "memorysetup-temp-allocator-size-background-worker=32768"
    "memorysetup-temp-allocator-size-job-worker=262144"
    "memorysetup-temp-allocator-size-preload-manager=33554432"
    "memorysetup-temp-allocator-size-nav-mesh-worker=65536"
    "memorysetup-temp-allocator-size-audio-worker=65536"
    "memorysetup-temp-allocator-size-cloud-worker=32768"
    "memorysetup-temp-allocator-size-gi-baking-worker=262144"
    "memorysetup-temp-allocator-size-gfx=262144"
Player connection [28356] Host "[IP] 169.254.213.19 [Port] 0 [Flags] 2 [Guid] 1739408590 [EditorId] 1739408590 [Version] 1048832 [Id] WindowsEditor(7,DESKTOP-Q7L95VN) [Debug] 1 [PackageName] WindowsEditor [ProjectName] Editor" joined multi-casting on [225.0.0.222:54997]...

Player connection [28356] Host "[IP] 169.254.213.19 [Port] 0 [Flags] 2 [Guid] 1739408590 [EditorId] 1739408590 [Version] 1048832 [Id] WindowsEditor(7,DESKTOP-Q7L95VN) [Debug] 1 [PackageName] WindowsEditor [ProjectName] Editor" joined alternative multi-casting on [225.0.0.222:34997]...

Refreshing native plugins compatible for Editor in 91.97 ms, found 3 plugins.
Preloading 0 native plugins for Editor in 0.00 ms.
Initialize engine version: 2021.3.22f1 (b6c551784ba3)
[Subsystems] Discovering subsystems at path C:/Program Files/Unity/Hub/Editor/2021.3.22f1/Editor/Data/Resources/UnitySubsystems
[Subsystems] Discovering subsystems at path F:/Personal activity/CSTHackathon/Before the Storm - A Tale of Jerusalem/Assets
GfxDevice: creating device client; threaded=0; jobified=0
Direct3D:
    Version:  Direct3D 11.0 [level 11.1]
    Renderer: NVIDIA GeForce GTX 1660 Ti (ID=0x2191)
    Vendor:   NVIDIA
    VRAM:     5979 MB
    Driver:   31.0.15.3141
Initialize mono
Mono path[0] = 'C:/Program Files/Unity/Hub/Editor/2021.3.22f1/Editor/Data/Managed'
Mono path[1] = 'C:/Program Files/Unity/Hub/Editor/2021.3.22f1/Editor/Data/MonoBleedingEdge/lib/mono/unityjit-win32'
Mono config path = 'C:/Program Files/Unity/Hub/Editor/2021.3.22f1/Editor/Data/MonoBleedingEdge/etc'
Using monoOptions --debugger-agent=transport=dt_socket,embedding=1,server=y,suspend=n,address=127.0.0.1:56620
Begin MonoManager ReloadAssembly
Registering precompiled unity dll's ...
Register platform support module: C:/Program Files/Unity/Hub/Editor/2021.3.22f1/Editor/Data/PlaybackEngines/WindowsStandaloneSupport/UnityEditor.WindowsStandalone.Extensions.dll
Register platform support module: C:/Program Files/Unity/Hub/Editor/2021.3.22f1/Editor/Data/PlaybackEngines/MetroSupport/UnityEditor.UWP.Extensions.dll
Registered in 0.013968 seconds.
Native extension for UWP target not found
Native extension for WindowsStandalone target not found
Refreshing native plugins compatible for Editor in 91.67 ms, found 3 plugins.
Preloading 0 native plugins for Editor in 0.00 ms.
Mono: successfully reloaded assembly
- Completed reload, in  0.725 seconds
Domain Reload Profiling:
	ReloadAssembly (725ms)
		BeginReloadAssembly (123ms)
			ExecutionOrderSort (0ms)
			DisableScriptedObjects (0ms)
			BackupInstance (0ms)
			ReleaseScriptingObjects (0ms)
			CreateAndSetChildDomain (1ms)
		EndReloadAssembly (486ms)
			LoadAssemblies (121ms)
			RebuildTransferFunctionScriptingTraits (0ms)
			SetupTypeCache (106ms)
			ReleaseScriptCaches (0ms)
			RebuildScriptCaches (28ms)
			SetupLoadedEditorAssemblies (297ms)
				LogAssemblyErrors (0ms)
				InitializePlatformSupportModulesInManaged (10ms)
				SetLoadedEditorAssemblies (0ms)
				RefreshPlugins (92ms)
				BeforeProcessingInitializeOnLoad (1ms)
				ProcessInitializeOnLoadAttributes (137ms)
				ProcessInitializeOnLoadMethodAttributes (57ms)
				AfterProcessingInitializeOnLoad (0ms)
				EditorAssembliesLoaded (0ms)
			ExecutionOrderSort2 (0ms)
			AwakeInstancesAfterBackupRestoration (0ms)
Platform modules already initialized, skipping
Registering precompiled user dll's ...
Registered in 0.006751 seconds.
Begin MonoManager ReloadAssembly
Symbol file LoadedFromMemory doesn't match image F:\Personal activity\CSTHackathon\Before the Storm - A Tale of Jerusalem\Library\PackageCache\com.unity.visualscripting@1.8.0\Editor\VisualScripting.Core\Dependencies\YamlDotNet\Unity.VisualScripting.YamlDotNet.dll
Symbol file LoadedFromMemory doesn't match image F:\Personal activity\CSTHackathon\Before the Storm - A Tale of Jerusalem\Library\PackageCache\com.unity.visualscripting@1.8.0\Editor\VisualScripting.Core\Dependencies\DotNetZip\Unity.VisualScripting.IonicZip.dll
Native extension for UWP target not found
Native extension for WindowsStandalone target not found
Refreshing native plugins compatible for Editor in 0.59 ms, found 3 plugins.
Preloading 0 native plugins for Editor in 0.00 ms.
Mono: successfully reloaded assembly
- Completed reload, in  1.013 seconds
Domain Reload Profiling:
	ReloadAssembly (1014ms)
		BeginReloadAssembly (121ms)
			ExecutionOrderSort (0ms)
			DisableScriptedObjects (5ms)
			BackupInstance (0ms)
			ReleaseScriptingObjects (0ms)
			CreateAndSetChildDomain (17ms)
		EndReloadAssembly (775ms)
			LoadAssemblies (111ms)
			RebuildTransferFunctionScriptingTraits (0ms)
			SetupTypeCache (247ms)
			ReleaseScriptCaches (1ms)
			RebuildScriptCaches (46ms)
			SetupLoadedEditorAssemblies (354ms)
				LogAssemblyErrors (0ms)
				InitializePlatformSupportModulesInManaged (9ms)
				SetLoadedEditorAssemblies (1ms)
				RefreshPlugins (1ms)
				BeforeProcessingInitializeOnLoad (91ms)
				ProcessInitializeOnLoadAttributes (226ms)
				ProcessInitializeOnLoadMethodAttributes (18ms)
				AfterProcessingInitializeOnLoad (9ms)
				EditorAssembliesLoaded (0ms)
			ExecutionOrderSort2 (0ms)
			AwakeInstancesAfterBackupRestoration (7ms)
Platform modules already initialized, skipping
========================================================================
Worker process is ready to serve import requests
Launched and connected shader compiler UnityShaderCompiler.exe after 0.08 seconds
Refreshing native plugins compatible for Editor in 0.59 ms, found 3 plugins.
Preloading 0 native plugins for Editor in 0.00 ms.
Unloading 3076 Unused Serialized files (Serialized files now loaded: 0)
Unloading 34 unused Assets / (1.3 MB). Loaded Objects now: 3543.
Memory consumption went from 127.1 MB to 125.9 MB.
Total: 3.575500 ms (FindLiveObjects: 0.263900 ms CreateObjectMapping: 0.298000 ms MarkObjects: 2.712500 ms  DeleteObjects: 0.300200 ms)

AssetImportParameters requested are different than current active one (requested -> active):
  custom:video-decoder-ogg-theora: a1e56fd34408186e4bbccfd4996cb3dc -> 
  custom:container-muxer-webm: aa71ff27fc2769a1b78a27578f13a17b -> 
  custom:container-demuxer-webm: 4f35f7cbe854078d1ac9338744f61a02 -> 
  custom:video-encoder-webm-vp8: eb34c28f22e8b96e1ab97ce403110664 -> 
  custom:audio-encoder-webm-vorbis: bf7c407c2cedff20999df2af8eb42d56 -> 
  custom:framework-win-MediaFoundation: 216162199b28c13a410421893ffa2e32 -> 
  custom:container-demuxer-ogg: 62fdf1f143b41e24485cea50d1cbac27 -> 
  custom:video-decoder-webm-vp8: 9c59270c3fd7afecdb556c50c9e8de78 -> 
  custom:audio-decoder-ogg-vorbis: bf7c407c2cedff20999df2af8eb42d56 -> 
========================================================================
Received Import Request.
  Time since last request: 5342.477687 seconds.
  path: Assets/Prefabs/ButcherShop.prefab
  artifactKey: Guid(aa810cc60649d114ba9a93433ad4ee81) Importer(815301076,1909f56bfc062723c751e8b465ee728b)
Start importing Assets/Prefabs/ButcherShop.prefab using Guid(aa810cc60649d114ba9a93433ad4ee81) Importer(815301076,1909f56bfc062723c751e8b465ee728b)  -> (artifact id: 'a2e97629d3ea47397125492c2b7f32b8') in 0.161552 seconds 
========================================================================
Received Import Request.
  Time since last request: 0.000033 seconds.
  path: Assets/Prefabs/Idle (22).prefab
  artifactKey: Guid(a1b5d06c7d0da454f9f8140bece669fd) Importer(815301076,1909f56bfc062723c751e8b465ee728b)
Start importing Assets/Prefabs/Idle (22).prefab using Guid(a1b5d06c7d0da454f9f8140bece669fd) Importer(815301076,1909f56bfc062723c751e8b465ee728b)  -> (artifact id: 'dc4474338a2f8effcaea3ef1120fc628') in 0.042570 seconds 
========================================================================
Received Import Request.
  Time since last request: 0.000023 seconds.
  path: Assets/Prefabs/Walking With Shopping Bag (3).prefab
  artifactKey: Guid(2b9b3ac29fffaa14ebc0cb97082c98c9) Importer(815301076,1909f56bfc062723c751e8b465ee728b)
Start importing Assets/Prefabs/Walking With Shopping Bag (3).prefab using Guid(2b9b3ac29fffaa14ebc0cb97082c98c9) Importer(815301076,1909f56bfc062723c751e8b465ee728b)  -> (artifact id: 'c9b6c9e171bc602cdf3d65145c32ed51') in 0.035722 seconds 
========================================================================
Received Import Request.
  Time since last request: 0.000041 seconds.
  path: Assets/Prefabs/Walking (12).prefab
  artifactKey: Guid(1095beb8579b2d9448f8a9d4fe2ba86b) Importer(815301076,1909f56bfc062723c751e8b465ee728b)
Start importing Assets/Prefabs/Walking (12).prefab using Guid(1095beb8579b2d9448f8a9d4fe2ba86b) Importer(815301076,1909f56bfc062723c751e8b465ee728b)  -> (artifact id: '70e97ddfb815dabf3ff4b270282f3e10') in 0.019706 seconds 
========================================================================
Received Import Request.
  Time since last request: 0.000023 seconds.
  path: Assets/Prefabs/SM_tree_fantasy_05 (31).prefab
  artifactKey: Guid(f5fd45f39b5718b4bb94593cc3808f6a) Importer(815301076,1909f56bfc062723c751e8b465ee728b)
Start importing Assets/Prefabs/SM_tree_fantasy_05 (31).prefab using Guid(f5fd45f39b5718b4bb94593cc3808f6a) Importer(815301076,1909f56bfc062723c751e8b465ee728b)  -> (artifact id: 'd54eb424b1f5bbc9a2ea18bd06f8c4cb') in 0.015344 seconds 
========================================================================
Received Import Request.
  Time since last request: 0.000019 seconds.
  path: Assets/Prefabs/Idle (23).prefab
  artifactKey: Guid(5eb423b2f4bdc5c4f9eafe600b28fb67) Importer(815301076,1909f56bfc062723c751e8b465ee728b)
Start importing Assets/Prefabs/Idle (23).prefab using Guid(5eb423b2f4bdc5c4f9eafe600b28fb67) Importer(815301076,1909f56bfc062723c751e8b465ee728b)  -> (artifact id: '53950f2a6da4c40f7025ad7b9370ab0b') in 0.017396 seconds 
========================================================================
Received Import Request.
  Time since last request: 0.000018 seconds.
  path: Assets/Prefabs/SM_tree_fantasy_05 (30).prefab
  artifactKey: Guid(e69a755798a364545b4425bef8d9c471) Importer(815301076,1909f56bfc062723c751e8b465ee728b)
Start importing Assets/Prefabs/SM_tree_fantasy_05 (30).prefab using Guid(e69a755798a364545b4425bef8d9c471) Importer(815301076,1909f56bfc062723c751e8b465ee728b)  -> (artifact id: '7cbe4eab1e6f1bb2837ad89da9cec279') in 0.015078 seconds 
========================================================================
Received Import Request.
  Time since last request: 0.000022 seconds.
  path: Assets/Prefabs/MedievalBox4.prefab
  artifactKey: Guid(d7c1625788badbc47a00347e89104b8d) Importer(815301076,1909f56bfc062723c751e8b465ee728b)
Start importing Assets/Prefabs/MedievalBox4.prefab using Guid(d7c1625788badbc47a00347e89104b8d) Importer(815301076,1909f56bfc062723c751e8b465ee728b)  -> (artifact id: '7e9a4c4e7fdbcb29feec64420f8d2ced') in 0.086419 seconds 
========================================================================
Received Import Request.
  Time since last request: 0.000026 seconds.
  path: Assets/Prefabs/Player.prefab
  artifactKey: Guid(55885125d3915e74da9c7d87a4c2855e) Importer(815301076,1909f56bfc062723c751e8b465ee728b)
Start importing Assets/Prefabs/Player.prefab using Guid(55885125d3915e74da9c7d87a4c2855e) Importer(815301076,1909f56bfc062723c751e8b465ee728b)  -> (artifact id: '24b20caa478d4764fa6dff2cc38c14a7') in 0.034173 seconds 
========================================================================
Received Import Request.
  Time since last request: 0.000019 seconds.
  path: Assets/Prefabs/Idle (18).prefab
  artifactKey: Guid(9986675588627d54b90720696769efee) Importer(815301076,1909f56bfc062723c751e8b465ee728b)
Start importing Assets/Prefabs/Idle (18).prefab using Guid(9986675588627d54b90720696769efee) Importer(815301076,1909f56bfc062723c751e8b465ee728b)  -> (artifact id: '52c11054dc0d6bd0d6c1c9c065bfe561') in 0.017637 seconds 
========================================================================
Received Import Request.
  Time since last request: 0.000034 seconds.
  path: Assets/Prefabs/Idle (28).prefab
  artifactKey: Guid(7ed52d0ac18504f44b074a13da761b7c) Importer(815301076,1909f56bfc062723c751e8b465ee728b)
Start importing Assets/Prefabs/Idle (28).prefab using Guid(7ed52d0ac18504f44b074a13da761b7c) Importer(815301076,1909f56bfc062723c751e8b465ee728b)  -> (artifact id: '9611f23d82822321108aa03decd816ef') in 0.018516 seconds 
========================================================================
Received Import Request.
  Time since last request: 0.000018 seconds.
  path: Assets/Prefabs/SM_tree_fantasy_05 (12).prefab
  artifactKey: Guid(a4f8f5ffb1bca6144937865750708fe6) Importer(815301076,1909f56bfc062723c751e8b465ee728b)
Start importing Assets/Prefabs/SM_tree_fantasy_05 (12).prefab using Guid(a4f8f5ffb1bca6144937865750708fe6) Importer(815301076,1909f56bfc062723c751e8b465ee728b)  -> (artifact id: 'e51ea2022edcc2fa5b4dbbd9271308ca') in 0.012712 seconds 
========================================================================
Received Import Request.
  Time since last request: 0.000016 seconds.
  path: Assets/Prefabs/MedievalBox5.prefab
  artifactKey: Guid(0a4b3e470edcf394f86e86cd6a2576a5) Importer(815301076,1909f56bfc062723c751e8b465ee728b)
Start importing Assets/Prefabs/MedievalBox5.prefab using Guid(0a4b3e470edcf394f86e86cd6a2576a5) Importer(815301076,1909f56bfc062723c751e8b465ee728b)  -> (artifact id: '3fcb506d3587d1bf3ccc8dce54349de0') in 0.029999 seconds 
========================================================================
Received Import Request.
  Time since last request: 0.000023 seconds.
  path: Assets/Prefabs/Idle (15).prefab
  artifactKey: Guid(64e23effa5875954eb902cca4bbde724) Importer(815301076,1909f56bfc062723c751e8b465ee728b)
Start importing Assets/Prefabs/Idle (15).prefab using Guid(64e23effa5875954eb902cca4bbde724) Importer(815301076,1909f56bfc062723c751e8b465ee728b)  -> (artifact id: '785b181c8a20d28dcd3412208737654a') in 0.018099 seconds 
========================================================================
Received Import Request.
  Time since last request: 0.000024 seconds.
  path: Assets/Prefabs/Walking With Shopping Bag (5).prefab
  artifactKey: Guid(dcc5b1340751e6f47aefe2d8777f3cc7) Importer(815301076,1909f56bfc062723c751e8b465ee728b)
Start importing Assets/Prefabs/Walking With Shopping Bag (5).prefab using Guid(dcc5b1340751e6f47aefe2d8777f3cc7) Importer(815301076,1909f56bfc062723c751e8b465ee728b)  -> (artifact id: 'fa652c0e1a37cd862f1bfc1344d92873') in 0.016141 seconds 
========================================================================
Received Import Request.
  Time since last request: 0.000024 seconds.
  path: Assets/Prefabs/MarketStall.prefab
  artifactKey: Guid(36d345c362a067440afda3b391514ab6) Importer(815301076,1909f56bfc062723c751e8b465ee728b)
Start importing Assets/Prefabs/MarketStall.prefab using Guid(36d345c362a067440afda3b391514ab6) Importer(815301076,1909f56bfc062723c751e8b465ee728b)  -> (artifact id: '4860b69262c87983c185fd4fa81c11ec') in 0.121441 seconds 
========================================================================
Received Import Request.
  Time since last request: 0.000034 seconds.
  path: Assets/Prefabs/SM_tree_fantasy_03 (25).prefab
  artifactKey: Guid(15fdf8047a98ad94da06ced9f95949d4) Importer(815301076,1909f56bfc062723c751e8b465ee728b)
Start importing Assets/Prefabs/SM_tree_fantasy_03 (25).prefab using Guid(15fdf8047a98ad94da06ced9f95949d4) Importer(815301076,1909f56bfc062723c751e8b465ee728b)  -> (artifact id: 'fe32c920370c44a0a0fc37c961fd43a4') in 0.013296 seconds 
========================================================================
Received Import Request.
  Time since last request: 0.000059 seconds.
  path: Assets/Prefabs/Idle (16).prefab
  artifactKey: Guid(cf724169bcfacfc49baa4d7a08215123) Importer(815301076,1909f56bfc062723c751e8b465ee728b)
Start importing Assets/Prefabs/Idle (16).prefab using Guid(cf724169bcfacfc49baa4d7a08215123) Importer(815301076,1909f56bfc062723c751e8b465ee728b)  -> (artifact id: '92c0a3b54795a41397c1bab3f4102033') in 0.018759 seconds 
========================================================================
Received Import Request.
  Time since last request: 0.000037 seconds.
  path: Assets/Prefabs/Working On Device (5) 1.prefab
  artifactKey: Guid(8398239f2affa2c439ea404c9b019658) Importer(815301076,1909f56bfc062723c751e8b465ee728b)
Start importing Assets/Prefabs/Working On Device (5) 1.prefab using Guid(8398239f2affa2c439ea404c9b019658) Importer(815301076,1909f56bfc062723c751e8b465ee728b)  -> (artifact id: '4ae59baba2cd5b1083e825864631bb10') in 0.020547 seconds 
========================================================================
Received Import Request.
  Time since last request: 0.000027 seconds.
  path: Assets/Prefabs/SM_tree_fantasy_04 (31).prefab
  artifactKey: Guid(96edef60c3f316447b488101e35d08aa) Importer(815301076,1909f56bfc062723c751e8b465ee728b)
Start importing Assets/Prefabs/SM_tree_fantasy_04 (31).prefab using Guid(96edef60c3f316447b488101e35d08aa) Importer(815301076,1909f56bfc062723c751e8b465ee728b)  -> (artifact id: 'f17f41da0abf3edefc6bfb227abda201') in 0.016157 seconds 
========================================================================
Received Import Request.
  Time since last request: 0.000021 seconds.
  path: Assets/Prefabs/Walking With Shopping Bag (4).prefab
  artifactKey: Guid(8c5dcec66b237094994c32f92c6f7037) Importer(815301076,1909f56bfc062723c751e8b465ee728b)
Start importing Assets/Prefabs/Walking With Shopping Bag (4).prefab using Guid(8c5dcec66b237094994c32f92c6f7037) Importer(815301076,1909f56bfc062723c751e8b465ee728b)  -> (artifact id: 'cac41f7e4dca2a20dee8c02af2e56c8a') in 0.019481 seconds 
========================================================================
Received Import Request.
  Time since last request: 0.000030 seconds.
  path: Assets/Prefabs/Walking (13).prefab
  artifactKey: Guid(23279703646d2554d89e7293732af797) Importer(815301076,1909f56bfc062723c751e8b465ee728b)
Start importing Assets/Prefabs/Walking (13).prefab using Guid(23279703646d2554d89e7293732af797) Importer(815301076,1909f56bfc062723c751e8b465ee728b)  -> (artifact id: '3bc4c48baf4ee6ab370cf866d733d933') in 0.023546 seconds 
========================================================================
Received Import Request.
  Time since last request: 0.000033 seconds.
  path: Assets/Prefabs/The True Cross.prefab
  artifactKey: Guid(8ee1870b740db9148a6c021e7161a181) Importer(815301076,1909f56bfc062723c751e8b465ee728b)
Start importing Assets/Prefabs/The True Cross.prefab using Guid(8ee1870b740db9148a6c021e7161a181) Importer(815301076,1909f56bfc062723c751e8b465ee728b)  -> (artifact id: 'a780a129d47a722828acd451906d1d2b') in 0.023468 seconds 
========================================================================
Received Import Request.
  Time since last request: 0.000018 seconds.
  path: Assets/Prefabs/Walking (16).prefab
  artifactKey: Guid(d7dadd031eb974f4fba1986eb06db627) Importer(815301076,1909f56bfc062723c751e8b465ee728b)
Start importing Assets/Prefabs/Walking (16).prefab using Guid(d7dadd031eb974f4fba1986eb06db627) Importer(815301076,1909f56bfc062723c751e8b465ee728b)  -> (artifact id: 'e34506a4aeb2e8374c5b493d6fcc2692') in 0.017874 seconds 
========================================================================
Received Import Request.
  Time since last request: 0.000060 seconds.
  path: Assets/Prefabs/Walking With Shopping Bag (6).prefab
  artifactKey: Guid(480487d957ae1ff47af583961c9b3497) Importer(815301076,1909f56bfc062723c751e8b465ee728b)
Start importing Assets/Prefabs/Walking With Shopping Bag (6).prefab using Guid(480487d957ae1ff47af583961c9b3497) Importer(815301076,1909f56bfc062723c751e8b465ee728b)  -> (artifact id: '8c15ff33ee2d04e173b5da119cf4deb6') in 0.016781 seconds 
========================================================================
Received Import Request.
  Time since last request: 0.000024 seconds.
  path: Assets/Prefabs/Walking (14).prefab
  artifactKey: Guid(41e26e36a8213b44281a9823b6b22f80) Importer(815301076,1909f56bfc062723c751e8b465ee728b)
Start importing Assets/Prefabs/Walking (14).prefab using Guid(41e26e36a8213b44281a9823b6b22f80) Importer(815301076,1909f56bfc062723c751e8b465ee728b)  -> (artifact id: 'db4740e07b9865ede3f5ec1638757606') in 0.020451 seconds 
========================================================================
Received Import Request.
  Time since last request: 0.000025 seconds.
  path: Assets/Prefabs/Idle (38).prefab
  artifactKey: Guid(53e33c3927ff8c346b397ec43f666519) Importer(815301076,1909f56bfc062723c751e8b465ee728b)
Start importing Assets/Prefabs/Idle (38).prefab using Guid(53e33c3927ff8c346b397ec43f666519) Importer(815301076,1909f56bfc062723c751e8b465ee728b)  -> (artifact id: '083cce9d21578afd584ac3faafba0b3d') in 0.020618 seconds 
========================================================================
Received Import Request.
  Time since last request: 0.000034 seconds.
  path: Assets/Prefabs/Tavern.prefab
  artifactKey: Guid(a9f69bb371169514aa9dc4225989872d) Importer(815301076,1909f56bfc062723c751e8b465ee728b)
Start importing Assets/Prefabs/Tavern.prefab using Guid(a9f69bb371169514aa9dc4225989872d) Importer(815301076,1909f56bfc062723c751e8b465ee728b)  -> (artifact id: 'ee4513a46f6b3f0922be103af6beaf0b') in 0.071210 seconds 
========================================================================
Received Import Request.
  Time since last request: 5.385226 seconds.
  path: Assets/Special Items Images/the_crusader_cross-removebg-preview.png
  artifactKey: Guid(9d49ce43636bb774fad1052b1bc987ff) Importer(815301076,1909f56bfc062723c751e8b465ee728b)
Start importing Assets/Special Items Images/the_crusader_cross-removebg-preview.png using Guid(9d49ce43636bb774fad1052b1bc987ff) Importer(815301076,1909f56bfc062723c751e8b465ee728b)  -> (artifact id: '90dfb3dfa9f29f9d9680b3f4316c5173') in 0.084286 seconds 
Editor requested this worker to shutdown with reason: Scaling down because of idle timeout
AssetImportWorker is now disconnected from the server
Process exiting
Exiting without the bug reporter. Application will terminate with return code 0